<?xml version="1.0" encoding="utf-8"?>
<CoverageSession xmlns:xsd="http://www.w3.org/2001/XMLSchema" xmlns:xsi="http://www.w3.org/2001/XMLSchema-instance" Version="4.6.0.0">
  <Summary numSequencePoints="381" visitedSequencePoints="36" numBranchPoints="107" visitedBranchPoints="11" sequenceCoverage="9.45" branchCoverage="10.28" maxCyclomaticComplexity="6" minCyclomaticComplexity="1" maxCrapScore="42" minCrapScore="1" visitedClasses="5" numClasses="27" visitedMethods="9" numMethods="69" />
  <Modules>
    <Module hash="71-25-43-EA-6D-9E-2F-A3-BB-CB-AC-59-E6-A5-F3-51-72-F5-93-1B">
      <Summary numSequencePoints="21" visitedSequencePoints="21" numBranchPoints="6" visitedBranchPoints="6" sequenceCoverage="100" branchCoverage="100" maxCyclomaticComplexity="2" minCyclomaticComplexity="1" maxCrapScore="2" minCrapScore="1" visitedClasses="4" numClasses="4" visitedMethods="6" numMethods="6" />
      <ModulePath>F:\TelerikALPHA_nov2017\06.HQC\OlympicGamesMartiStamatov\OlympicGames.UnitTests\bin\Debug\OlympicGames.UnitTests.dll</ModulePath>
      <ModuleTime>2018-02-10T13:15:24.8008099Z</ModuleTime>
      <ModuleName>OlympicGames.UnitTests</ModuleName>
      <Files>
        <File uid="1" fullPath="F:\TelerikALPHA_nov2017\06.HQC\OlympicGamesMartiStamatov\OlympicGames.UnitTests\Core\Providers\CommandParserTests\ConstructorShould.cs" />
        <File uid="3" fullPath="F:\TelerikALPHA_nov2017\06.HQC\OlympicGamesMartiStamatov\OlympicGames.UnitTests\Core\Providers\CommandParserTests\ParseCommandShould.cs" />
        <File uid="4" fullPath="F:\TelerikALPHA_nov2017\06.HQC\OlympicGamesMartiStamatov\OlympicGames.UnitTests\Core\Providers\CommandParserTests\Mocks\MockCommandParser.cs" />
      </Files>
      <Classes>
        <Class>
          <Summary numSequencePoints="8" visitedSequencePoints="8" numBranchPoints="2" visitedBranchPoints="2" sequenceCoverage="100" branchCoverage="100" maxCyclomaticComplexity="2" minCyclomaticComplexity="1" maxCrapScore="2" minCrapScore="1" visitedClasses="1" numClasses="1" visitedMethods="2" numMethods="2" />
          <FullName>OlympicGames.UnitTests.Core.Providers.CommandParserTests.ConstructorShould</FullName>
          <Methods>
            <Method visited="true" cyclomaticComplexity="2" nPathComplexity="0" sequenceCoverage="100" branchCoverage="100" crapScore="2" isConstructor="false" isStatic="false" isGetter="false" isSetter="false">
              <Summary numSequencePoints="3" visitedSequencePoints="3" numBranchPoints="1" visitedBranchPoints="1" sequenceCoverage="100" branchCoverage="100" maxCyclomaticComplexity="2" minCyclomaticComplexity="2" maxCrapScore="2" minCrapScore="2" visitedClasses="0" numClasses="0" visitedMethods="1" numMethods="1" />
              <MetadataToken>100663297</MetadataToken>
              <Name>System.Void OlympicGames.UnitTests.Core.Providers.CommandParserTests.ConstructorShould::ThrowArgumentNullExceptionWhenCmdFactoryIsNull()</Name>
              <FileRef uid="1" />
              <SequencePoints>
                <SequencePoint vc="1" uspid="1" ordinal="0" offset="0" sl="15" sc="9" el="15" ec="10" bec="0" bev="0" fileid="1">
                  <TrackedMethodRefs>
                    <TrackedMethodRef uid="1" vc="1" />
                  </TrackedMethodRefs>
                </SequencePoint>
                <SequencePoint vc="1" uspid="2" ordinal="1" offset="1" sl="17" sc="13" el="17" ec="90" bec="0" bev="0" fileid="1">
                  <TrackedMethodRefs>
                    <TrackedMethodRef uid="1" vc="1" />
                  </TrackedMethodRefs>
                </SequencePoint>
                <SequencePoint vc="1" uspid="3" ordinal="2" offset="38" sl="18" sc="9" el="18" ec="10" bec="0" bev="0" fileid="1">
                  <TrackedMethodRefs>
                    <TrackedMethodRef uid="1" vc="1" />
                  </TrackedMethodRefs>
                </SequencePoint>
              </SequencePoints>
              <BranchPoints />
              <MethodPoint xsi:type="SequencePoint" vc="1" uspid="1" ordinal="0" offset="0" sl="15" sc="9" el="15" ec="10" bec="0" bev="0" fileid="1">
                <TrackedMethodRefs>
                  <TrackedMethodRef uid="1" vc="1" />
                </TrackedMethodRefs>
              </MethodPoint>
            </Method>
            <Method visited="true" cyclomaticComplexity="1" nPathComplexity="0" sequenceCoverage="100" branchCoverage="100" crapScore="1" isConstructor="false" isStatic="false" isGetter="false" isSetter="false">
              <Summary numSequencePoints="5" visitedSequencePoints="5" numBranchPoints="1" visitedBranchPoints="1" sequenceCoverage="100" branchCoverage="100" maxCyclomaticComplexity="1" minCyclomaticComplexity="1" maxCrapScore="1" minCrapScore="1" visitedClasses="0" numClasses="0" visitedMethods="1" numMethods="1" />
              <MetadataToken>100663298</MetadataToken>
              <Name>System.Void OlympicGames.UnitTests.Core.Providers.CommandParserTests.ConstructorShould::SetTheRightFactoryToProperty()</Name>
              <FileRef uid="1" />
              <SequencePoints>
                <SequencePoint vc="1" uspid="6" ordinal="0" offset="0" sl="22" sc="9" el="22" ec="10" bec="0" bev="0" fileid="1">
                  <TrackedMethodRefs>
                    <TrackedMethodRef uid="2" vc="1" />
                  </TrackedMethodRefs>
                </SequencePoint>
                <SequencePoint vc="1" uspid="7" ordinal="1" offset="1" sl="24" sc="13" el="24" ec="59" bec="0" bev="0" fileid="1">
                  <TrackedMethodRefs>
                    <TrackedMethodRef uid="2" vc="1" />
                  </TrackedMethodRefs>
                </SequencePoint>
                <SequencePoint vc="1" uspid="8" ordinal="2" offset="7" sl="25" sc="13" el="25" ec="68" bec="0" bev="0" fileid="1">
                  <TrackedMethodRefs>
                    <TrackedMethodRef uid="2" vc="1" />
                  </TrackedMethodRefs>
                </SequencePoint>
                <SequencePoint vc="1" uspid="9" ordinal="3" offset="19" sl="28" sc="13" el="28" ec="78" bec="0" bev="0" fileid="1">
                  <TrackedMethodRefs>
                    <TrackedMethodRef uid="2" vc="1" />
                  </TrackedMethodRefs>
                </SequencePoint>
                <SequencePoint vc="1" uspid="10" ordinal="4" offset="37" sl="30" sc="9" el="30" ec="10" bec="0" bev="0" fileid="1">
                  <TrackedMethodRefs>
                    <TrackedMethodRef uid="2" vc="1" />
                  </TrackedMethodRefs>
                </SequencePoint>
              </SequencePoints>
              <BranchPoints />
              <MethodPoint xsi:type="SequencePoint" vc="1" uspid="6" ordinal="0" offset="0" sl="22" sc="9" el="22" ec="10" bec="0" bev="0" fileid="1">
                <TrackedMethodRefs>
                  <TrackedMethodRef uid="2" vc="1" />
                </TrackedMethodRefs>
              </MethodPoint>
            </Method>
            <Method visited="false" cyclomaticComplexity="1" nPathComplexity="0" sequenceCoverage="0" branchCoverage="0" crapScore="2" isConstructor="true" isStatic="false" isGetter="false" isSetter="false">
              <Summary numSequencePoints="0" visitedSequencePoints="0" numBranchPoints="0" visitedBranchPoints="0" sequenceCoverage="0" branchCoverage="0" maxCyclomaticComplexity="1" minCyclomaticComplexity="1" maxCrapScore="2" minCrapScore="2" visitedClasses="0" numClasses="0" visitedMethods="0" numMethods="0" />
              <MetadataToken>100663299</MetadataToken>
              <Name>System.Void OlympicGames.UnitTests.Core.Providers.CommandParserTests.ConstructorShould::.ctor()</Name>
              <SequencePoints />
              <BranchPoints />
              <MethodPoint vc="0" uspid="11" ordinal="0" offset="0" />
            </Method>
          </Methods>
        </Class>
        <Class>
          <Summary numSequencePoints="1" visitedSequencePoints="1" numBranchPoints="1" visitedBranchPoints="1" sequenceCoverage="100" branchCoverage="100" maxCyclomaticComplexity="1" minCyclomaticComplexity="1" maxCrapScore="2" minCrapScore="1" visitedClasses="1" numClasses="1" visitedMethods="1" numMethods="1" />
          <FullName>OlympicGames.UnitTests.Core.Providers.CommandParserTests.ConstructorShould/&lt;&gt;c</FullName>
          <Methods>
            <Method visited="false" cyclomaticComplexity="1" nPathComplexity="0" sequenceCoverage="0" branchCoverage="0" crapScore="2" isConstructor="true" isStatic="true" isGetter="false" isSetter="false">
              <Summary numSequencePoints="0" visitedSequencePoints="0" numBranchPoints="0" visitedBranchPoints="0" sequenceCoverage="0" branchCoverage="0" maxCyclomaticComplexity="1" minCyclomaticComplexity="1" maxCrapScore="2" minCrapScore="2" visitedClasses="0" numClasses="0" visitedMethods="0" numMethods="0" />
              <MetadataToken>100663304</MetadataToken>
              <Name>System.Void OlympicGames.UnitTests.Core.Providers.CommandParserTests.ConstructorShould/&lt;&gt;c::.cctor()</Name>
              <SequencePoints />
              <BranchPoints />
              <MethodPoint vc="0" uspid="12" ordinal="0" offset="0" />
            </Method>
            <Method visited="false" cyclomaticComplexity="1" nPathComplexity="0" sequenceCoverage="0" branchCoverage="0" crapScore="2" isConstructor="true" isStatic="false" isGetter="false" isSetter="false">
              <Summary numSequencePoints="0" visitedSequencePoints="0" numBranchPoints="0" visitedBranchPoints="0" sequenceCoverage="0" branchCoverage="0" maxCyclomaticComplexity="1" minCyclomaticComplexity="1" maxCrapScore="2" minCrapScore="2" visitedClasses="0" numClasses="0" visitedMethods="0" numMethods="0" />
              <MetadataToken>100663305</MetadataToken>
              <Name>System.Void OlympicGames.UnitTests.Core.Providers.CommandParserTests.ConstructorShould/&lt;&gt;c::.ctor()</Name>
              <SequencePoints />
              <BranchPoints />
              <MethodPoint vc="0" uspid="13" ordinal="0" offset="0" />
            </Method>
            <Method visited="true" cyclomaticComplexity="1" nPathComplexity="0" sequenceCoverage="100" branchCoverage="100" crapScore="1" isConstructor="false" isStatic="false" isGetter="false" isSetter="false">
              <Summary numSequencePoints="1" visitedSequencePoints="1" numBranchPoints="1" visitedBranchPoints="1" sequenceCoverage="100" branchCoverage="100" maxCyclomaticComplexity="1" minCyclomaticComplexity="1" maxCrapScore="1" minCrapScore="1" visitedClasses="0" numClasses="0" visitedMethods="1" numMethods="1" />
              <MetadataToken>100663306</MetadataToken>
              <Name>System.Object OlympicGames.UnitTests.Core.Providers.CommandParserTests.ConstructorShould/&lt;&gt;c::&lt;ThrowArgumentNullExceptionWhenCmdFactoryIsNull&gt;b__0_0()</Name>
              <FileRef uid="1" />
              <SequencePoints>
                <SequencePoint vc="1" uspid="14" ordinal="0" offset="0" sl="17" sc="65" el="17" ec="88" bec="0" bev="0" fileid="1">
                  <TrackedMethodRefs>
                    <TrackedMethodRef uid="1" vc="1" />
                  </TrackedMethodRefs>
                </SequencePoint>
              </SequencePoints>
              <BranchPoints />
              <MethodPoint xsi:type="SequencePoint" vc="1" uspid="14" ordinal="0" offset="0" sl="17" sc="65" el="17" ec="88" bec="0" bev="0" fileid="1">
                <TrackedMethodRefs>
                  <TrackedMethodRef uid="1" vc="1" />
                </TrackedMethodRefs>
              </MethodPoint>
            </Method>
          </Methods>
        </Class>
        <Class>
          <Summary numSequencePoints="6" visitedSequencePoints="6" numBranchPoints="1" visitedBranchPoints="1" sequenceCoverage="100" branchCoverage="100" maxCyclomaticComplexity="1" minCyclomaticComplexity="1" maxCrapScore="2" minCrapScore="1" visitedClasses="1" numClasses="1" visitedMethods="1" numMethods="1" />
          <FullName>OlympicGames.UnitTests.Core.Providers.CommandParserTests.ParseCommandShould</FullName>
          <Methods>
            <Method visited="true" cyclomaticComplexity="1" nPathComplexity="0" sequenceCoverage="100" branchCoverage="100" crapScore="1" isConstructor="false" isStatic="false" isGetter="false" isSetter="false">
              <Summary numSequencePoints="6" visitedSequencePoints="6" numBranchPoints="1" visitedBranchPoints="1" sequenceCoverage="100" branchCoverage="100" maxCyclomaticComplexity="1" minCyclomaticComplexity="1" maxCrapScore="1" minCrapScore="1" visitedClasses="0" numClasses="0" visitedMethods="1" numMethods="1" />
              <MetadataToken>100663300</MetadataToken>
              <Name>System.Void OlympicGames.UnitTests.Core.Providers.CommandParserTests.ParseCommandShould::InvokeCreateOnCommandFactory()</Name>
              <FileRef uid="3" />
              <SequencePoints>
                <SequencePoint vc="1" uspid="15" ordinal="0" offset="0" sl="16" sc="9" el="16" ec="10" bec="0" bev="0" fileid="3">
                  <TrackedMethodRefs>
                    <TrackedMethodRef uid="3" vc="1" />
                  </TrackedMethodRefs>
                </SequencePoint>
                <SequencePoint vc="1" uspid="16" ordinal="1" offset="1" sl="18" sc="13" el="18" ec="59" bec="0" bev="0" fileid="3">
                  <TrackedMethodRefs>
                    <TrackedMethodRef uid="3" vc="1" />
                  </TrackedMethodRefs>
                </SequencePoint>
                <SequencePoint vc="1" uspid="17" ordinal="2" offset="7" sl="19" sc="13" el="19" ec="64" bec="0" bev="0" fileid="3">
                  <TrackedMethodRefs>
                    <TrackedMethodRef uid="3" vc="1" />
                  </TrackedMethodRefs>
                </SequencePoint>
                <SequencePoint vc="1" uspid="18" ordinal="3" offset="19" sl="24" sc="13" el="24" ec="41" bec="0" bev="0" fileid="3">
                  <TrackedMethodRefs>
                    <TrackedMethodRef uid="3" vc="1" />
                  </TrackedMethodRefs>
                </SequencePoint>
                <SequencePoint vc="1" uspid="19" ordinal="4" offset="31" sl="26" sc="13" el="26" ec="79" bec="0" bev="0" fileid="3">
                  <TrackedMethodRefs>
                    <TrackedMethodRef uid="3" vc="1" />
                  </TrackedMethodRefs>
                </SequencePoint>
                <SequencePoint vc="1" uspid="20" ordinal="5" offset="142" sl="29" sc="9" el="29" ec="10" bec="0" bev="0" fileid="3">
                  <TrackedMethodRefs>
                    <TrackedMethodRef uid="3" vc="1" />
                  </TrackedMethodRefs>
                </SequencePoint>
              </SequencePoints>
              <BranchPoints />
              <MethodPoint xsi:type="SequencePoint" vc="1" uspid="15" ordinal="0" offset="0" sl="16" sc="9" el="16" ec="10" bec="0" bev="0" fileid="3">
                <TrackedMethodRefs>
                  <TrackedMethodRef uid="3" vc="1" />
                </TrackedMethodRefs>
              </MethodPoint>
            </Method>
            <Method visited="false" cyclomaticComplexity="1" nPathComplexity="0" sequenceCoverage="0" branchCoverage="0" crapScore="2" isConstructor="true" isStatic="false" isGetter="false" isSetter="false">
              <Summary numSequencePoints="0" visitedSequencePoints="0" numBranchPoints="0" visitedBranchPoints="0" sequenceCoverage="0" branchCoverage="0" maxCyclomaticComplexity="1" minCyclomaticComplexity="1" maxCrapScore="2" minCrapScore="2" visitedClasses="0" numClasses="0" visitedMethods="0" numMethods="0" />
              <MetadataToken>100663301</MetadataToken>
              <Name>System.Void OlympicGames.UnitTests.Core.Providers.CommandParserTests.ParseCommandShould::.ctor()</Name>
              <SequencePoints />
              <BranchPoints />
              <MethodPoint vc="0" uspid="21" ordinal="0" offset="0" />
            </Method>
          </Methods>
        </Class>
        <Class>
          <Summary numSequencePoints="0" visitedSequencePoints="0" numBranchPoints="0" visitedBranchPoints="0" sequenceCoverage="0" branchCoverage="0" maxCyclomaticComplexity="1" minCyclomaticComplexity="1" maxCrapScore="2" minCrapScore="2" visitedClasses="0" numClasses="0" visitedMethods="0" numMethods="0" />
          <FullName>OlympicGames.UnitTests.Core.Providers.CommandParserTests.ParseCommandShould/&lt;&gt;c</FullName>
          <Methods>
            <Method visited="false" cyclomaticComplexity="1" nPathComplexity="0" sequenceCoverage="0" branchCoverage="0" crapScore="2" isConstructor="true" isStatic="true" isGetter="false" isSetter="false">
              <Summary numSequencePoints="0" visitedSequencePoints="0" numBranchPoints="0" visitedBranchPoints="0" sequenceCoverage="0" branchCoverage="0" maxCyclomaticComplexity="1" minCyclomaticComplexity="1" maxCrapScore="2" minCrapScore="2" visitedClasses="0" numClasses="0" visitedMethods="0" numMethods="0" />
              <MetadataToken>100663307</MetadataToken>
              <Name>System.Void OlympicGames.UnitTests.Core.Providers.CommandParserTests.ParseCommandShould/&lt;&gt;c::.cctor()</Name>
              <SequencePoints />
              <BranchPoints />
              <MethodPoint vc="0" uspid="22" ordinal="0" offset="0" />
            </Method>
            <Method visited="false" cyclomaticComplexity="1" nPathComplexity="0" sequenceCoverage="0" branchCoverage="0" crapScore="2" isConstructor="true" isStatic="false" isGetter="false" isSetter="false">
              <Summary numSequencePoints="0" visitedSequencePoints="0" numBranchPoints="0" visitedBranchPoints="0" sequenceCoverage="0" branchCoverage="0" maxCyclomaticComplexity="1" minCyclomaticComplexity="1" maxCrapScore="2" minCrapScore="2" visitedClasses="0" numClasses="0" visitedMethods="0" numMethods="0" />
              <MetadataToken>100663308</MetadataToken>
              <Name>System.Void OlympicGames.UnitTests.Core.Providers.CommandParserTests.ParseCommandShould/&lt;&gt;c::.ctor()</Name>
              <SequencePoints />
              <BranchPoints />
              <MethodPoint vc="0" uspid="23" ordinal="0" offset="0" />
            </Method>
          </Methods>
        </Class>
        <Class>
          <Summary numSequencePoints="6" visitedSequencePoints="6" numBranchPoints="2" visitedBranchPoints="2" sequenceCoverage="100" branchCoverage="100" maxCyclomaticComplexity="1" minCyclomaticComplexity="1" maxCrapScore="1" minCrapScore="1" visitedClasses="1" numClasses="1" visitedMethods="2" numMethods="2" />
          <FullName>OlympicGames.UnitTests.Core.Providers.CommandParserTests.Mocks.MockCommandParser</FullName>
          <Methods>
            <Method visited="true" cyclomaticComplexity="1" nPathComplexity="0" sequenceCoverage="100" branchCoverage="100" crapScore="1" isConstructor="false" isStatic="false" isGetter="true" isSetter="false">
              <Summary numSequencePoints="3" visitedSequencePoints="3" numBranchPoints="1" visitedBranchPoints="1" sequenceCoverage="100" branchCoverage="100" maxCyclomaticComplexity="1" minCyclomaticComplexity="1" maxCrapScore="1" minCrapScore="1" visitedClasses="0" numClasses="0" visitedMethods="1" numMethods="1" />
              <MetadataToken>100663302</MetadataToken>
              <Name>OlympicGames.Core.Contracts.ICommandFactory OlympicGames.UnitTests.Core.Providers.CommandParserTests.Mocks.MockCommandParser::get_ExposedCommandFactory()</Name>
              <FileRef uid="4" />
              <SequencePoints>
                <SequencePoint vc="1" uspid="24" ordinal="0" offset="0" sl="13" sc="60" el="13" ec="61" bec="0" bev="0" fileid="4">
                  <TrackedMethodRefs>
                    <TrackedMethodRef uid="2" vc="1" />
                  </TrackedMethodRefs>
                </SequencePoint>
                <SequencePoint vc="1" uspid="25" ordinal="1" offset="1" sl="13" sc="62" el="13" ec="85" bec="0" bev="0" fileid="4">
                  <TrackedMethodRefs>
                    <TrackedMethodRef uid="2" vc="1" />
                  </TrackedMethodRefs>
                </SequencePoint>
                <SequencePoint vc="1" uspid="26" ordinal="2" offset="10" sl="13" sc="86" el="13" ec="87" bec="0" bev="0" fileid="4">
                  <TrackedMethodRefs>
                    <TrackedMethodRef uid="2" vc="1" />
                  </TrackedMethodRefs>
                </SequencePoint>
              </SequencePoints>
              <BranchPoints />
              <MethodPoint xsi:type="SequencePoint" vc="1" uspid="24" ordinal="0" offset="0" sl="13" sc="60" el="13" ec="61" bec="0" bev="0" fileid="4">
                <TrackedMethodRefs>
                  <TrackedMethodRef uid="2" vc="1" />
                </TrackedMethodRefs>
              </MethodPoint>
            </Method>
            <Method visited="true" cyclomaticComplexity="1" nPathComplexity="0" sequenceCoverage="100" branchCoverage="100" crapScore="1" isConstructor="true" isStatic="false" isGetter="false" isSetter="false">
              <Summary numSequencePoints="3" visitedSequencePoints="3" numBranchPoints="1" visitedBranchPoints="1" sequenceCoverage="100" branchCoverage="100" maxCyclomaticComplexity="1" minCyclomaticComplexity="1" maxCrapScore="1" minCrapScore="1" visitedClasses="0" numClasses="0" visitedMethods="1" numMethods="1" />
              <MetadataToken>100663303</MetadataToken>
              <Name>System.Void OlympicGames.UnitTests.Core.Providers.CommandParserTests.Mocks.MockCommandParser::.ctor(OlympicGames.Core.Contracts.ICommandFactory)</Name>
              <FileRef uid="4" />
              <SequencePoints>
                <SequencePoint vc="1" uspid="27" ordinal="0" offset="0" sl="16" sc="15" el="16" ec="31" bec="0" bev="0" fileid="4">
                  <TrackedMethodRefs>
                    <TrackedMethodRef uid="2" vc="1" />
                  </TrackedMethodRefs>
                </SequencePoint>
                <SequencePoint vc="1" uspid="28" ordinal="1" offset="8" sl="17" sc="9" el="17" ec="10" bec="0" bev="0" fileid="4">
                  <TrackedMethodRefs>
                    <TrackedMethodRef uid="2" vc="1" />
                  </TrackedMethodRefs>
                </SequencePoint>
                <SequencePoint vc="1" uspid="29" ordinal="2" offset="9" sl="19" sc="9" el="19" ec="10" bec="0" bev="0" fileid="4">
                  <TrackedMethodRefs>
                    <TrackedMethodRef uid="2" vc="1" />
                  </TrackedMethodRefs>
                </SequencePoint>
              </SequencePoints>
              <BranchPoints />
              <MethodPoint xsi:type="SequencePoint" vc="1" uspid="27" ordinal="0" offset="0" sl="16" sc="15" el="16" ec="31" bec="0" bev="0" fileid="4">
                <TrackedMethodRefs>
                  <TrackedMethodRef uid="2" vc="1" />
                </TrackedMethodRefs>
              </MethodPoint>
            </Method>
          </Methods>
        </Class>
      </Classes>
      <TrackedMethods>
        <TrackedMethod uid="1" token="100663297" name="System.Void OlympicGames.UnitTests.Core.Providers.CommandParserTests.ConstructorShould::ThrowArgumentNullExceptionWhenCmdFactoryIsNull()" strategy="MSTestTest" />
        <TrackedMethod uid="2" token="100663298" name="System.Void OlympicGames.UnitTests.Core.Providers.CommandParserTests.ConstructorShould::SetTheRightFactoryToProperty()" strategy="MSTestTest" />
        <TrackedMethod uid="3" token="100663300" name="System.Void OlympicGames.UnitTests.Core.Providers.CommandParserTests.ParseCommandShould::InvokeCreateOnCommandFactory()" strategy="MSTestTest" />
      </TrackedMethods>
    </Module>
    <Module hash="53-53-85-FF-F9-94-DF-75-7A-B2-26-BD-25-6C-6F-7B-84-4A-65-18">
      <Summary numSequencePoints="360" visitedSequencePoints="15" numBranchPoints="101" visitedBranchPoints="5" sequenceCoverage="4.17" branchCoverage="4.95" maxCyclomaticComplexity="6" minCyclomaticComplexity="1" maxCrapScore="42" minCrapScore="1" visitedClasses="1" numClasses="23" visitedMethods="3" numMethods="63" />
      <ModulePath>F:\TelerikALPHA_nov2017\06.HQC\OlympicGamesMartiStamatov\OlympicGames.UnitTests\bin\Debug\OlympicGames.exe</ModulePath>
      <ModuleTime>2018-02-09T23:43:12.1284286Z</ModuleTime>
      <ModuleName>OlympicGames</ModuleName>
      <Files>
        <File uid="9" fullPath="F:\TelerikALPHA_nov2017\06.HQC\OlympicGamesMartiStamatov\OlympicGames\OlympicGames\IOWrapper.cs" />
        <File uid="10" fullPath="F:\TelerikALPHA_nov2017\06.HQC\OlympicGamesMartiStamatov\OlympicGames\OlympicGames\ConsoleReader.cs" />
        <File uid="11" fullPath="F:\TelerikALPHA_nov2017\06.HQC\OlympicGamesMartiStamatov\OlympicGames\OlympicGames\ConsoleWriter.cs" />
        <File uid="12" fullPath="F:\TelerikALPHA_nov2017\06.HQC\OlympicGamesMartiStamatov\OlympicGames\OlympicGames\MyCommandParser.cs" />
        <File uid="13" fullPath="F:\TelerikALPHA_nov2017\06.HQC\OlympicGamesMartiStamatov\OlympicGames\OlympicGames\Utils\Validator.cs" />
        <File uid="14" fullPath="F:\TelerikALPHA_nov2017\06.HQC\OlympicGamesMartiStamatov\OlympicGames\OlympicGames\Olympics\Boxer.cs" />
        <File uid="15" fullPath="F:\TelerikALPHA_nov2017\06.HQC\OlympicGamesMartiStamatov\OlympicGames\OlympicGames\Olympics\Olympian.cs" />
        <File uid="16" fullPath="F:\TelerikALPHA_nov2017\06.HQC\OlympicGamesMartiStamatov\OlympicGames\OlympicGames\Olympics\Sprinter.cs" />
        <File uid="17" fullPath="F:\TelerikALPHA_nov2017\06.HQC\OlympicGamesMartiStamatov\OlympicGames\OlympicGames\NewStartUp.cs" />
        <File uid="18" fullPath="F:\TelerikALPHA_nov2017\06.HQC\OlympicGamesMartiStamatov\OlympicGames\OlympicGames\Core\Engine.cs" />
        <File uid="19" fullPath="F:\TelerikALPHA_nov2017\06.HQC\OlympicGamesMartiStamatov\OlympicGames\OlympicGames\Core\Providers\CommandParser.cs" />
        <File uid="20" fullPath="F:\TelerikALPHA_nov2017\06.HQC\OlympicGamesMartiStamatov\OlympicGames\OlympicGames\Core\Providers\IOCons.cs" />
        <File uid="21" fullPath="F:\TelerikALPHA_nov2017\06.HQC\OlympicGamesMartiStamatov\OlympicGames\OlympicGames\Core\Providers\OlympicCommittee.cs" />
        <File uid="22" fullPath="F:\TelerikALPHA_nov2017\06.HQC\OlympicGamesMartiStamatov\OlympicGames\OlympicGames\Core\Providers\CommandProcessor.cs" />
        <File uid="24" fullPath="F:\TelerikALPHA_nov2017\06.HQC\OlympicGamesMartiStamatov\OlympicGames\OlympicGames\Core\Factories\CommandFactory.cs" />
        <File uid="25" fullPath="F:\TelerikALPHA_nov2017\06.HQC\OlympicGamesMartiStamatov\OlympicGames\OlympicGames\Core\Factories\OlympicsFactory.cs" />
        <File uid="26" fullPath="F:\TelerikALPHA_nov2017\06.HQC\OlympicGamesMartiStamatov\OlympicGames\OlympicGames\Core\Commands\CreateBoxerCommand.cs" />
        <File uid="27" fullPath="F:\TelerikALPHA_nov2017\06.HQC\OlympicGamesMartiStamatov\OlympicGames\OlympicGames\Core\Commands\CreateOlympianCommand.cs" />
        <File uid="28" fullPath="F:\TelerikALPHA_nov2017\06.HQC\OlympicGamesMartiStamatov\OlympicGames\OlympicGames\Core\Commands\CreateSprinterCommand.cs" />
        <File uid="29" fullPath="F:\TelerikALPHA_nov2017\06.HQC\OlympicGamesMartiStamatov\OlympicGames\OlympicGames\Core\Commands\ListOlympiansCommand.cs" />
        <File uid="30" fullPath="F:\TelerikALPHA_nov2017\06.HQC\OlympicGamesMartiStamatov\OlympicGames\OlympicGames\Core\Commands\Abstracts\Command.cs" />
        <File uid="31" fullPath="F:\TelerikALPHA_nov2017\06.HQC\OlympicGamesMartiStamatov\OlympicGames\OlympicGames\Core\Commands\Decorators\LoggerListCommand.cs" />
      </Files>
      <Classes>
        <Class>
          <Summary numSequencePoints="11" visitedSequencePoints="0" numBranchPoints="3" visitedBranchPoints="0" sequenceCoverage="0" branchCoverage="0" maxCyclomaticComplexity="1" minCyclomaticComplexity="1" maxCrapScore="2" minCrapScore="2" visitedClasses="0" numClasses="1" visitedMethods="0" numMethods="3" />
          <FullName>OlympicGames.IOWrapper</FullName>
          <Methods>
            <Method visited="false" cyclomaticComplexity="1" nPathComplexity="0" sequenceCoverage="0" branchCoverage="0" crapScore="2" isConstructor="true" isStatic="false" isGetter="false" isSetter="false">
              <Summary numSequencePoints="5" visitedSequencePoints="0" numBranchPoints="1" visitedBranchPoints="0" sequenceCoverage="0" branchCoverage="0" maxCyclomaticComplexity="1" minCyclomaticComplexity="1" maxCrapScore="2" minCrapScore="2" visitedClasses="0" numClasses="0" visitedMethods="0" numMethods="1" />
              <MetadataToken>100663297</MetadataToken>
              <Name>System.Void OlympicGames.IOWrapper::.ctor(OlympicGames.Core.Providers.IConsoleWriter,OlympicGames.Core.Providers.IConsoleReader)</Name>
              <FileRef uid="9" />
              <SequencePoints>
                <SequencePoint vc="0" uspid="30" ordinal="0" offset="0" sl="10" sc="9" el="10" ec="71" bec="0" bev="0" fileid="9" />
                <SequencePoint vc="0" uspid="31" ordinal="1" offset="7" sl="11" sc="9" el="11" ec="10" bec="0" bev="0" fileid="9" />
                <SequencePoint vc="0" uspid="32" ordinal="2" offset="8" sl="12" sc="13" el="12" ec="34" bec="0" bev="0" fileid="9" />
                <SequencePoint vc="0" uspid="33" ordinal="3" offset="15" sl="13" sc="13" el="13" ec="34" bec="0" bev="0" fileid="9" />
                <SequencePoint vc="0" uspid="34" ordinal="4" offset="22" sl="14" sc="9" el="14" ec="10" bec="0" bev="0" fileid="9" />
              </SequencePoints>
              <BranchPoints />
              <MethodPoint xsi:type="SequencePoint" vc="0" uspid="30" ordinal="0" offset="0" sl="10" sc="9" el="10" ec="71" bec="0" bev="0" fileid="9" />
            </Method>
            <Method visited="false" cyclomaticComplexity="1" nPathComplexity="0" sequenceCoverage="0" branchCoverage="0" crapScore="2" isConstructor="false" isStatic="false" isGetter="false" isSetter="false">
              <Summary numSequencePoints="3" visitedSequencePoints="0" numBranchPoints="1" visitedBranchPoints="0" sequenceCoverage="0" branchCoverage="0" maxCyclomaticComplexity="1" minCyclomaticComplexity="1" maxCrapScore="2" minCrapScore="2" visitedClasses="0" numClasses="0" visitedMethods="0" numMethods="1" />
              <MetadataToken>100663298</MetadataToken>
              <Name>System.String OlympicGames.IOWrapper::ReadWithWrapper()</Name>
              <FileRef uid="9" />
              <SequencePoints>
                <SequencePoint vc="0" uspid="35" ordinal="0" offset="0" sl="16" sc="9" el="16" ec="10" bec="0" bev="0" fileid="9" />
                <SequencePoint vc="0" uspid="36" ordinal="1" offset="1" sl="17" sc="13" el="17" ec="43" bec="0" bev="0" fileid="9" />
                <SequencePoint vc="0" uspid="37" ordinal="2" offset="15" sl="18" sc="9" el="18" ec="10" bec="0" bev="0" fileid="9" />
              </SequencePoints>
              <BranchPoints />
              <MethodPoint xsi:type="SequencePoint" vc="0" uspid="35" ordinal="0" offset="0" sl="16" sc="9" el="16" ec="10" bec="0" bev="0" fileid="9" />
            </Method>
            <Method visited="false" cyclomaticComplexity="1" nPathComplexity="0" sequenceCoverage="0" branchCoverage="0" crapScore="2" isConstructor="false" isStatic="false" isGetter="false" isSetter="false">
              <Summary numSequencePoints="3" visitedSequencePoints="0" numBranchPoints="1" visitedBranchPoints="0" sequenceCoverage="0" branchCoverage="0" maxCyclomaticComplexity="1" minCyclomaticComplexity="1" maxCrapScore="2" minCrapScore="2" visitedClasses="0" numClasses="0" visitedMethods="0" numMethods="1" />
              <MetadataToken>100663299</MetadataToken>
              <Name>System.Void OlympicGames.IOWrapper::WriteWithWrapper(System.String)</Name>
              <FileRef uid="9" />
              <SequencePoints>
                <SequencePoint vc="0" uspid="38" ordinal="0" offset="0" sl="21" sc="9" el="21" ec="10" bec="0" bev="0" fileid="9" />
                <SequencePoint vc="0" uspid="39" ordinal="1" offset="1" sl="22" sc="13" el="22" ec="40" bec="0" bev="0" fileid="9" />
                <SequencePoint vc="0" uspid="40" ordinal="2" offset="14" sl="23" sc="9" el="23" ec="10" bec="0" bev="0" fileid="9" />
              </SequencePoints>
              <BranchPoints />
              <MethodPoint xsi:type="SequencePoint" vc="0" uspid="38" ordinal="0" offset="0" sl="21" sc="9" el="21" ec="10" bec="0" bev="0" fileid="9" />
            </Method>
          </Methods>
        </Class>
        <Class>
          <Summary numSequencePoints="3" visitedSequencePoints="0" numBranchPoints="1" visitedBranchPoints="0" sequenceCoverage="0" branchCoverage="0" maxCyclomaticComplexity="1" minCyclomaticComplexity="1" maxCrapScore="2" minCrapScore="2" visitedClasses="0" numClasses="1" visitedMethods="0" numMethods="1" />
          <FullName>OlympicGames.ConsoleReader</FullName>
          <Methods>
            <Method visited="false" cyclomaticComplexity="1" nPathComplexity="0" sequenceCoverage="0" branchCoverage="0" crapScore="2" isConstructor="false" isStatic="false" isGetter="false" isSetter="false">
              <Summary numSequencePoints="3" visitedSequencePoints="0" numBranchPoints="1" visitedBranchPoints="0" sequenceCoverage="0" branchCoverage="0" maxCyclomaticComplexity="1" minCyclomaticComplexity="1" maxCrapScore="2" minCrapScore="2" visitedClasses="0" numClasses="0" visitedMethods="0" numMethods="1" />
              <MetadataToken>100663300</MetadataToken>
              <Name>System.String OlympicGames.ConsoleReader::ReadLine()</Name>
              <FileRef uid="10" />
              <SequencePoints>
                <SequencePoint vc="0" uspid="41" ordinal="0" offset="0" sl="9" sc="9" el="9" ec="10" bec="0" bev="0" fileid="10" />
                <SequencePoint vc="0" uspid="42" ordinal="1" offset="1" sl="10" sc="13" el="10" ec="39" bec="0" bev="0" fileid="10" />
                <SequencePoint vc="0" uspid="43" ordinal="2" offset="9" sl="11" sc="9" el="11" ec="10" bec="0" bev="0" fileid="10" />
              </SequencePoints>
              <BranchPoints />
              <MethodPoint xsi:type="SequencePoint" vc="0" uspid="41" ordinal="0" offset="0" sl="9" sc="9" el="9" ec="10" bec="0" bev="0" fileid="10" />
            </Method>
            <Method visited="false" cyclomaticComplexity="1" nPathComplexity="0" sequenceCoverage="0" branchCoverage="0" crapScore="2" isConstructor="true" isStatic="false" isGetter="false" isSetter="false">
              <Summary numSequencePoints="0" visitedSequencePoints="0" numBranchPoints="0" visitedBranchPoints="0" sequenceCoverage="0" branchCoverage="0" maxCyclomaticComplexity="1" minCyclomaticComplexity="1" maxCrapScore="2" minCrapScore="2" visitedClasses="0" numClasses="0" visitedMethods="0" numMethods="0" />
              <MetadataToken>100663301</MetadataToken>
              <Name>System.Void OlympicGames.ConsoleReader::.ctor()</Name>
              <SequencePoints />
              <BranchPoints />
              <MethodPoint vc="0" uspid="44" ordinal="0" offset="0" />
            </Method>
          </Methods>
        </Class>
        <Class>
          <Summary numSequencePoints="3" visitedSequencePoints="0" numBranchPoints="1" visitedBranchPoints="0" sequenceCoverage="0" branchCoverage="0" maxCyclomaticComplexity="1" minCyclomaticComplexity="1" maxCrapScore="2" minCrapScore="2" visitedClasses="0" numClasses="1" visitedMethods="0" numMethods="1" />
          <FullName>OlympicGames.ConsoleWriter</FullName>
          <Methods>
            <Method visited="false" cyclomaticComplexity="1" nPathComplexity="0" sequenceCoverage="0" branchCoverage="0" crapScore="2" isConstructor="false" isStatic="false" isGetter="false" isSetter="false">
              <Summary numSequencePoints="3" visitedSequencePoints="0" numBranchPoints="1" visitedBranchPoints="0" sequenceCoverage="0" branchCoverage="0" maxCyclomaticComplexity="1" minCyclomaticComplexity="1" maxCrapScore="2" minCrapScore="2" visitedClasses="0" numClasses="0" visitedMethods="0" numMethods="1" />
              <MetadataToken>100663302</MetadataToken>
              <Name>System.Void OlympicGames.ConsoleWriter::WriteLine(System.String)</Name>
              <FileRef uid="11" />
              <SequencePoints>
                <SequencePoint vc="0" uspid="45" ordinal="0" offset="0" sl="8" sc="9" el="8" ec="10" bec="0" bev="0" fileid="11" />
                <SequencePoint vc="0" uspid="46" ordinal="1" offset="1" sl="9" sc="13" el="9" ec="43" bec="0" bev="0" fileid="11" />
                <SequencePoint vc="0" uspid="47" ordinal="2" offset="8" sl="10" sc="9" el="10" ec="10" bec="0" bev="0" fileid="11" />
              </SequencePoints>
              <BranchPoints />
              <MethodPoint xsi:type="SequencePoint" vc="0" uspid="45" ordinal="0" offset="0" sl="8" sc="9" el="8" ec="10" bec="0" bev="0" fileid="11" />
            </Method>
            <Method visited="false" cyclomaticComplexity="1" nPathComplexity="0" sequenceCoverage="0" branchCoverage="0" crapScore="2" isConstructor="true" isStatic="false" isGetter="false" isSetter="false">
              <Summary numSequencePoints="0" visitedSequencePoints="0" numBranchPoints="0" visitedBranchPoints="0" sequenceCoverage="0" branchCoverage="0" maxCyclomaticComplexity="1" minCyclomaticComplexity="1" maxCrapScore="2" minCrapScore="2" visitedClasses="0" numClasses="0" visitedMethods="0" numMethods="0" />
              <MetadataToken>100663303</MetadataToken>
              <Name>System.Void OlympicGames.ConsoleWriter::.ctor()</Name>
              <SequencePoints />
              <BranchPoints />
              <MethodPoint vc="0" uspid="48" ordinal="0" offset="0" />
            </Method>
          </Methods>
        </Class>
        <Class>
          <Summary numSequencePoints="2" visitedSequencePoints="0" numBranchPoints="1" visitedBranchPoints="0" sequenceCoverage="0" branchCoverage="0" maxCyclomaticComplexity="1" minCyclomaticComplexity="1" maxCrapScore="2" minCrapScore="2" visitedClasses="0" numClasses="1" visitedMethods="0" numMethods="1" />
          <FullName>OlympicGames.FakeParser</FullName>
          <Methods>
            <Method visited="false" cyclomaticComplexity="1" nPathComplexity="0" sequenceCoverage="0" branchCoverage="0" crapScore="2" isConstructor="false" isStatic="false" isGetter="false" isSetter="false">
              <Summary numSequencePoints="2" visitedSequencePoints="0" numBranchPoints="1" visitedBranchPoints="0" sequenceCoverage="0" branchCoverage="0" maxCyclomaticComplexity="1" minCyclomaticComplexity="1" maxCrapScore="2" minCrapScore="2" visitedClasses="0" numClasses="0" visitedMethods="0" numMethods="1" />
              <MetadataToken>100663304</MetadataToken>
              <Name>OlympicGames.Core.Contracts.ICommand OlympicGames.FakeParser::ParseCommand(System.String)</Name>
              <FileRef uid="12" />
              <SequencePoints>
                <SequencePoint vc="0" uspid="49" ordinal="0" offset="0" sl="9" sc="9" el="9" ec="10" bec="0" bev="0" fileid="12" />
                <SequencePoint vc="0" uspid="50" ordinal="1" offset="1" sl="10" sc="13" el="10" ec="56" bec="0" bev="0" fileid="12" />
              </SequencePoints>
              <BranchPoints />
              <MethodPoint xsi:type="SequencePoint" vc="0" uspid="49" ordinal="0" offset="0" sl="9" sc="9" el="9" ec="10" bec="0" bev="0" fileid="12" />
            </Method>
            <Method visited="false" cyclomaticComplexity="1" nPathComplexity="0" sequenceCoverage="0" branchCoverage="0" crapScore="2" isConstructor="true" isStatic="false" isGetter="false" isSetter="false">
              <Summary numSequencePoints="0" visitedSequencePoints="0" numBranchPoints="0" visitedBranchPoints="0" sequenceCoverage="0" branchCoverage="0" maxCyclomaticComplexity="1" minCyclomaticComplexity="1" maxCrapScore="2" minCrapScore="2" visitedClasses="0" numClasses="0" visitedMethods="0" numMethods="0" />
              <MetadataToken>100663305</MetadataToken>
              <Name>System.Void OlympicGames.FakeParser::.ctor()</Name>
              <SequencePoints />
              <BranchPoints />
              <MethodPoint vc="0" uspid="51" ordinal="0" offset="0" />
            </Method>
          </Methods>
        </Class>
        <Class>
          <Summary numSequencePoints="0" visitedSequencePoints="0" numBranchPoints="0" visitedBranchPoints="0" sequenceCoverage="0" branchCoverage="0" maxCyclomaticComplexity="1" minCyclomaticComplexity="1" maxCrapScore="2" minCrapScore="2" visitedClasses="0" numClasses="0" visitedMethods="0" numMethods="0" />
          <FullName>OlympicGames.Utils.GlobalConstants</FullName>
          <Methods>
            <Method visited="false" cyclomaticComplexity="1" nPathComplexity="0" sequenceCoverage="0" branchCoverage="0" crapScore="2" isConstructor="true" isStatic="false" isGetter="false" isSetter="false">
              <Summary numSequencePoints="0" visitedSequencePoints="0" numBranchPoints="0" visitedBranchPoints="0" sequenceCoverage="0" branchCoverage="0" maxCyclomaticComplexity="1" minCyclomaticComplexity="1" maxCrapScore="2" minCrapScore="2" visitedClasses="0" numClasses="0" visitedMethods="0" numMethods="0" />
              <MetadataToken>100663306</MetadataToken>
              <Name>System.Void OlympicGames.Utils.GlobalConstants::.ctor()</Name>
              <SequencePoints />
              <BranchPoints />
              <MethodPoint vc="0" uspid="52" ordinal="0" offset="0" />
            </Method>
          </Methods>
        </Class>
        <Class>
          <Summary numSequencePoints="29" visitedSequencePoints="0" numBranchPoints="15" visitedBranchPoints="0" sequenceCoverage="0" branchCoverage="0" maxCyclomaticComplexity="4" minCyclomaticComplexity="3" maxCrapScore="20" minCrapScore="12" visitedClasses="0" numClasses="1" visitedMethods="0" numMethods="3" />
          <FullName>OlympicGames.Utils.Validator</FullName>
          <Methods>
            <Method visited="false" cyclomaticComplexity="3" nPathComplexity="4" sequenceCoverage="0" branchCoverage="0" crapScore="12" isConstructor="false" isStatic="true" isGetter="false" isSetter="false">
              <Summary numSequencePoints="9" visitedSequencePoints="0" numBranchPoints="5" visitedBranchPoints="0" sequenceCoverage="0" branchCoverage="0" maxCyclomaticComplexity="3" minCyclomaticComplexity="3" maxCrapScore="12" minCrapScore="12" visitedClasses="0" numClasses="0" visitedMethods="0" numMethods="1" />
              <MetadataToken>100663307</MetadataToken>
              <Name>System.Void OlympicGames.Utils.Validator::ValidateIfNull(System.Object,System.String)</Name>
              <FileRef uid="13" />
              <SequencePoints>
                <SequencePoint vc="0" uspid="53" ordinal="0" offset="0" sl="8" sc="9" el="8" ec="10" bec="0" bev="0" fileid="13" />
                <SequencePoint vc="0" uspid="54" ordinal="1" offset="1" sl="9" sc="13" el="9" ec="29" bec="2" bev="0" fileid="13" />
                <SequencePoint vc="0" uspid="55" ordinal="2" offset="9" sl="10" sc="13" el="10" ec="14" bec="0" bev="0" fileid="13" />
                <SequencePoint vc="0" uspid="56" ordinal="3" offset="10" sl="11" sc="17" el="11" ec="47" bec="0" bev="0" fileid="13" />
                <SequencePoint vc="0" uspid="57" ordinal="4" offset="17" sl="12" sc="13" el="12" ec="14" bec="0" bev="0" fileid="13" />
                <SequencePoint vc="0" uspid="58" ordinal="5" offset="18" sl="14" sc="13" el="14" ec="31" bec="2" bev="0" fileid="13" />
                <SequencePoint vc="0" uspid="59" ordinal="6" offset="26" sl="15" sc="13" el="15" ec="14" bec="0" bev="0" fileid="13" />
                <SequencePoint vc="0" uspid="60" ordinal="7" offset="27" sl="16" sc="17" el="16" ec="54" bec="0" bev="0" fileid="13" />
                <SequencePoint vc="0" uspid="61" ordinal="8" offset="34" sl="18" sc="9" el="18" ec="10" bec="0" bev="0" fileid="13" />
              </SequencePoints>
              <BranchPoints>
                <BranchPoint vc="0" uspid="62" ordinal="0" offset="7" sl="9" path="0" offsetend="9" fileid="13" />
                <BranchPoint vc="0" uspid="63" ordinal="1" offset="7" sl="9" path="1" offsetend="18" fileid="13" />
                <BranchPoint vc="0" uspid="64" ordinal="2" offset="24" sl="14" path="0" offsetend="26" fileid="13" />
                <BranchPoint vc="0" uspid="65" ordinal="3" offset="24" sl="14" path="1" offsetend="34" fileid="13" />
              </BranchPoints>
              <MethodPoint xsi:type="SequencePoint" vc="0" uspid="53" ordinal="0" offset="0" sl="8" sc="9" el="8" ec="10" bec="0" bev="0" fileid="13" />
            </Method>
            <Method visited="false" cyclomaticComplexity="4" nPathComplexity="4" sequenceCoverage="0" branchCoverage="0" crapScore="20" isConstructor="false" isStatic="true" isGetter="false" isSetter="false">
              <Summary numSequencePoints="10" visitedSequencePoints="0" numBranchPoints="5" visitedBranchPoints="0" sequenceCoverage="0" branchCoverage="0" maxCyclomaticComplexity="4" minCyclomaticComplexity="4" maxCrapScore="20" minCrapScore="20" visitedClasses="0" numClasses="0" visitedMethods="0" numMethods="1" />
              <MetadataToken>100663308</MetadataToken>
              <Name>System.Void OlympicGames.Utils.Validator::ValidateMinAndMaxNumber(System.Int32,System.Int32,System.Int32,System.String)</Name>
              <FileRef uid="13" />
              <SequencePoints>
                <SequencePoint vc="0" uspid="66" ordinal="0" offset="0" sl="22" sc="9" el="22" ec="10" bec="0" bev="0" fileid="13" />
                <SequencePoint vc="0" uspid="67" ordinal="1" offset="1" sl="23" sc="13" el="23" ec="29" bec="2" bev="0" fileid="13" />
                <SequencePoint vc="0" uspid="68" ordinal="2" offset="9" sl="24" sc="13" el="24" ec="14" bec="0" bev="0" fileid="13" />
                <SequencePoint vc="0" uspid="69" ordinal="3" offset="10" sl="25" sc="17" el="25" ec="31" bec="0" bev="0" fileid="13" />
                <SequencePoint vc="0" uspid="70" ordinal="4" offset="17" sl="26" sc="13" el="26" ec="14" bec="0" bev="0" fileid="13" />
                <SequencePoint vc="0" uspid="71" ordinal="5" offset="18" sl="28" sc="13" el="28" ec="84" bec="0" bev="0" fileid="13" />
                <SequencePoint vc="0" uspid="72" ordinal="6" offset="43" sl="30" sc="13" el="30" ec="44" bec="2" bev="0" fileid="13" />
                <SequencePoint vc="0" uspid="73" ordinal="7" offset="58" sl="31" sc="13" el="31" ec="14" bec="0" bev="0" fileid="13" />
                <SequencePoint vc="0" uspid="74" ordinal="8" offset="59" sl="32" sc="17" el="32" ec="50" bec="0" bev="0" fileid="13" />
                <SequencePoint vc="0" uspid="75" ordinal="9" offset="66" sl="34" sc="9" el="34" ec="10" bec="0" bev="0" fileid="13" />
              </SequencePoints>
              <BranchPoints>
                <BranchPoint vc="0" uspid="76" ordinal="0" offset="7" sl="23" path="0" offsetend="9" fileid="13" />
                <BranchPoint vc="0" uspid="77" ordinal="1" offset="7" sl="23" path="1" offsetend="18" fileid="13" />
                <BranchPoint vc="0" uspid="80" ordinal="4" offset="56" sl="30" path="0" offsetend="58" fileid="13" />
                <BranchPoint vc="0" uspid="81" ordinal="5" offset="56" sl="30" path="1" offsetend="66" fileid="13" />
              </BranchPoints>
              <MethodPoint xsi:type="SequencePoint" vc="0" uspid="66" ordinal="0" offset="0" sl="22" sc="9" el="22" ec="10" bec="0" bev="0" fileid="13" />
            </Method>
            <Method visited="false" cyclomaticComplexity="4" nPathComplexity="4" sequenceCoverage="0" branchCoverage="0" crapScore="20" isConstructor="false" isStatic="true" isGetter="false" isSetter="false">
              <Summary numSequencePoints="10" visitedSequencePoints="0" numBranchPoints="5" visitedBranchPoints="0" sequenceCoverage="0" branchCoverage="0" maxCyclomaticComplexity="4" minCyclomaticComplexity="4" maxCrapScore="20" minCrapScore="20" visitedClasses="0" numClasses="0" visitedMethods="0" numMethods="1" />
              <MetadataToken>100663309</MetadataToken>
              <Name>System.Void OlympicGames.Utils.Validator::ValidateMinAndMaxLength(System.String,System.Int32,System.Int32,System.String)</Name>
              <FileRef uid="13" />
              <SequencePoints>
                <SequencePoint vc="0" uspid="82" ordinal="0" offset="0" sl="37" sc="9" el="37" ec="10" bec="0" bev="0" fileid="13" />
                <SequencePoint vc="0" uspid="83" ordinal="1" offset="1" sl="38" sc="13" el="38" ec="29" bec="2" bev="0" fileid="13" />
                <SequencePoint vc="0" uspid="84" ordinal="2" offset="9" sl="39" sc="13" el="39" ec="14" bec="0" bev="0" fileid="13" />
                <SequencePoint vc="0" uspid="85" ordinal="3" offset="10" sl="40" sc="17" el="40" ec="31" bec="0" bev="0" fileid="13" />
                <SequencePoint vc="0" uspid="86" ordinal="4" offset="17" sl="41" sc="13" el="41" ec="14" bec="0" bev="0" fileid="13" />
                <SequencePoint vc="0" uspid="87" ordinal="5" offset="18" sl="43" sc="13" el="43" ec="100" bec="0" bev="0" fileid="13" />
                <SequencePoint vc="0" uspid="88" ordinal="6" offset="43" sl="45" sc="13" el="45" ec="58" bec="2" bev="0" fileid="13" />
                <SequencePoint vc="0" uspid="89" ordinal="7" offset="68" sl="46" sc="13" el="46" ec="14" bec="0" bev="0" fileid="13" />
                <SequencePoint vc="0" uspid="90" ordinal="8" offset="69" sl="47" sc="17" el="47" ec="50" bec="0" bev="0" fileid="13" />
                <SequencePoint vc="0" uspid="91" ordinal="9" offset="76" sl="49" sc="9" el="49" ec="10" bec="0" bev="0" fileid="13" />
              </SequencePoints>
              <BranchPoints>
                <BranchPoint vc="0" uspid="92" ordinal="0" offset="7" sl="38" path="0" offsetend="9" fileid="13" />
                <BranchPoint vc="0" uspid="93" ordinal="1" offset="7" sl="38" path="1" offsetend="18" fileid="13" />
                <BranchPoint vc="0" uspid="96" ordinal="4" offset="66" sl="45" path="0" offsetend="68" fileid="13" />
                <BranchPoint vc="0" uspid="97" ordinal="5" offset="66" sl="45" path="1" offsetend="76" fileid="13" />
              </BranchPoints>
              <MethodPoint xsi:type="SequencePoint" vc="0" uspid="82" ordinal="0" offset="0" sl="37" sc="9" el="37" ec="10" bec="0" bev="0" fileid="13" />
            </Method>
          </Methods>
        </Class>
        <Class>
          <Summary numSequencePoints="33" visitedSequencePoints="0" numBranchPoints="8" visitedBranchPoints="0" sequenceCoverage="0" branchCoverage="0" maxCyclomaticComplexity="1" minCyclomaticComplexity="1" maxCrapScore="2" minCrapScore="2" visitedClasses="0" numClasses="1" visitedMethods="0" numMethods="8" />
          <FullName>OlympicGames.Olympics.Boxer</FullName>
          <Methods>
            <Method visited="false" cyclomaticComplexity="1" nPathComplexity="0" sequenceCoverage="0" branchCoverage="0" crapScore="2" isConstructor="false" isStatic="false" isGetter="true" isSetter="false">
              <Summary numSequencePoints="3" visitedSequencePoints="0" numBranchPoints="1" visitedBranchPoints="0" sequenceCoverage="0" branchCoverage="0" maxCyclomaticComplexity="1" minCyclomaticComplexity="1" maxCrapScore="2" minCrapScore="2" visitedClasses="0" numClasses="0" visitedMethods="0" numMethods="1" />
              <MetadataToken>100663311</MetadataToken>
              <Name>OlympicGames.Olympics.Enums.BoxingCategory OlympicGames.Olympics.Boxer::get_Category()</Name>
              <FileRef uid="14" />
              <SequencePoints>
                <SequencePoint vc="0" uspid="98" ordinal="0" offset="0" sl="26" sc="13" el="26" ec="14" bec="0" bev="0" fileid="14" />
                <SequencePoint vc="0" uspid="99" ordinal="1" offset="1" sl="27" sc="17" el="27" ec="38" bec="0" bev="0" fileid="14" />
                <SequencePoint vc="0" uspid="100" ordinal="2" offset="10" sl="28" sc="13" el="28" ec="14" bec="0" bev="0" fileid="14" />
              </SequencePoints>
              <BranchPoints />
              <MethodPoint xsi:type="SequencePoint" vc="0" uspid="98" ordinal="0" offset="0" sl="26" sc="13" el="26" ec="14" bec="0" bev="0" fileid="14" />
            </Method>
            <Method visited="false" cyclomaticComplexity="1" nPathComplexity="0" sequenceCoverage="0" branchCoverage="0" crapScore="2" isConstructor="false" isStatic="false" isGetter="false" isSetter="true">
              <Summary numSequencePoints="3" visitedSequencePoints="0" numBranchPoints="1" visitedBranchPoints="0" sequenceCoverage="0" branchCoverage="0" maxCyclomaticComplexity="1" minCyclomaticComplexity="1" maxCrapScore="2" minCrapScore="2" visitedClasses="0" numClasses="0" visitedMethods="0" numMethods="1" />
              <MetadataToken>100663312</MetadataToken>
              <Name>System.Void OlympicGames.Olympics.Boxer::set_Category(OlympicGames.Olympics.Enums.BoxingCategory)</Name>
              <FileRef uid="14" />
              <SequencePoints>
                <SequencePoint vc="0" uspid="101" ordinal="0" offset="0" sl="30" sc="13" el="30" ec="14" bec="0" bev="0" fileid="14" />
                <SequencePoint vc="0" uspid="102" ordinal="1" offset="1" sl="31" sc="17" el="31" ec="39" bec="0" bev="0" fileid="14" />
                <SequencePoint vc="0" uspid="103" ordinal="2" offset="8" sl="32" sc="13" el="32" ec="14" bec="0" bev="0" fileid="14" />
              </SequencePoints>
              <BranchPoints />
              <MethodPoint xsi:type="SequencePoint" vc="0" uspid="101" ordinal="0" offset="0" sl="30" sc="13" el="30" ec="14" bec="0" bev="0" fileid="14" />
            </Method>
            <Method visited="false" cyclomaticComplexity="1" nPathComplexity="0" sequenceCoverage="0" branchCoverage="0" crapScore="2" isConstructor="false" isStatic="false" isGetter="true" isSetter="false">
              <Summary numSequencePoints="3" visitedSequencePoints="0" numBranchPoints="1" visitedBranchPoints="0" sequenceCoverage="0" branchCoverage="0" maxCyclomaticComplexity="1" minCyclomaticComplexity="1" maxCrapScore="2" minCrapScore="2" visitedClasses="0" numClasses="0" visitedMethods="0" numMethods="1" />
              <MetadataToken>100663313</MetadataToken>
              <Name>System.Int32 OlympicGames.Olympics.Boxer::get_Losses()</Name>
              <FileRef uid="14" />
              <SequencePoints>
                <SequencePoint vc="0" uspid="104" ordinal="0" offset="0" sl="38" sc="13" el="38" ec="14" bec="0" bev="0" fileid="14" />
                <SequencePoint vc="0" uspid="105" ordinal="1" offset="1" sl="39" sc="17" el="39" ec="36" bec="0" bev="0" fileid="14" />
                <SequencePoint vc="0" uspid="106" ordinal="2" offset="10" sl="40" sc="13" el="40" ec="14" bec="0" bev="0" fileid="14" />
              </SequencePoints>
              <BranchPoints />
              <MethodPoint xsi:type="SequencePoint" vc="0" uspid="104" ordinal="0" offset="0" sl="38" sc="13" el="38" ec="14" bec="0" bev="0" fileid="14" />
            </Method>
            <Method visited="false" cyclomaticComplexity="1" nPathComplexity="0" sequenceCoverage="0" branchCoverage="0" crapScore="2" isConstructor="false" isStatic="false" isGetter="false" isSetter="true">
              <Summary numSequencePoints="4" visitedSequencePoints="0" numBranchPoints="1" visitedBranchPoints="0" sequenceCoverage="0" branchCoverage="0" maxCyclomaticComplexity="1" minCyclomaticComplexity="1" maxCrapScore="2" minCrapScore="2" visitedClasses="0" numClasses="0" visitedMethods="0" numMethods="1" />
              <MetadataToken>100663314</MetadataToken>
              <Name>System.Void OlympicGames.Olympics.Boxer::set_Losses(System.Int32)</Name>
              <FileRef uid="14" />
              <SequencePoints>
                <SequencePoint vc="0" uspid="107" ordinal="0" offset="0" sl="42" sc="13" el="42" ec="14" bec="0" bev="0" fileid="14" />
                <SequencePoint vc="0" uspid="108" ordinal="1" offset="1" sl="43" sc="17" el="43" ec="65" bec="0" bev="0" fileid="14" />
                <SequencePoint vc="0" uspid="109" ordinal="2" offset="16" sl="44" sc="17" el="44" ec="37" bec="0" bev="0" fileid="14" />
                <SequencePoint vc="0" uspid="110" ordinal="3" offset="23" sl="45" sc="13" el="45" ec="14" bec="0" bev="0" fileid="14" />
              </SequencePoints>
              <BranchPoints />
              <MethodPoint xsi:type="SequencePoint" vc="0" uspid="107" ordinal="0" offset="0" sl="42" sc="13" el="42" ec="14" bec="0" bev="0" fileid="14" />
            </Method>
            <Method visited="false" cyclomaticComplexity="1" nPathComplexity="0" sequenceCoverage="0" branchCoverage="0" crapScore="2" isConstructor="false" isStatic="false" isGetter="true" isSetter="false">
              <Summary numSequencePoints="3" visitedSequencePoints="0" numBranchPoints="1" visitedBranchPoints="0" sequenceCoverage="0" branchCoverage="0" maxCyclomaticComplexity="1" minCyclomaticComplexity="1" maxCrapScore="2" minCrapScore="2" visitedClasses="0" numClasses="0" visitedMethods="0" numMethods="1" />
              <MetadataToken>100663315</MetadataToken>
              <Name>System.Int32 OlympicGames.Olympics.Boxer::get_Wins()</Name>
              <FileRef uid="14" />
              <SequencePoints>
                <SequencePoint vc="0" uspid="111" ordinal="0" offset="0" sl="51" sc="13" el="51" ec="14" bec="0" bev="0" fileid="14" />
                <SequencePoint vc="0" uspid="112" ordinal="1" offset="1" sl="52" sc="17" el="52" ec="34" bec="0" bev="0" fileid="14" />
                <SequencePoint vc="0" uspid="113" ordinal="2" offset="10" sl="53" sc="13" el="53" ec="14" bec="0" bev="0" fileid="14" />
              </SequencePoints>
              <BranchPoints />
              <MethodPoint xsi:type="SequencePoint" vc="0" uspid="111" ordinal="0" offset="0" sl="51" sc="13" el="51" ec="14" bec="0" bev="0" fileid="14" />
            </Method>
            <Method visited="false" cyclomaticComplexity="1" nPathComplexity="0" sequenceCoverage="0" branchCoverage="0" crapScore="2" isConstructor="false" isStatic="false" isGetter="false" isSetter="true">
              <Summary numSequencePoints="4" visitedSequencePoints="0" numBranchPoints="1" visitedBranchPoints="0" sequenceCoverage="0" branchCoverage="0" maxCyclomaticComplexity="1" minCyclomaticComplexity="1" maxCrapScore="2" minCrapScore="2" visitedClasses="0" numClasses="0" visitedMethods="0" numMethods="1" />
              <MetadataToken>100663316</MetadataToken>
              <Name>System.Void OlympicGames.Olympics.Boxer::set_Wins(System.Int32)</Name>
              <FileRef uid="14" />
              <SequencePoints>
                <SequencePoint vc="0" uspid="114" ordinal="0" offset="0" sl="55" sc="13" el="55" ec="14" bec="0" bev="0" fileid="14" />
                <SequencePoint vc="0" uspid="115" ordinal="1" offset="1" sl="56" sc="17" el="56" ec="63" bec="0" bev="0" fileid="14" />
                <SequencePoint vc="0" uspid="116" ordinal="2" offset="16" sl="57" sc="17" el="57" ec="35" bec="0" bev="0" fileid="14" />
                <SequencePoint vc="0" uspid="117" ordinal="3" offset="23" sl="58" sc="13" el="58" ec="14" bec="0" bev="0" fileid="14" />
              </SequencePoints>
              <BranchPoints />
              <MethodPoint xsi:type="SequencePoint" vc="0" uspid="114" ordinal="0" offset="0" sl="55" sc="13" el="55" ec="14" bec="0" bev="0" fileid="14" />
            </Method>
            <Method visited="false" cyclomaticComplexity="1" nPathComplexity="0" sequenceCoverage="0" branchCoverage="0" crapScore="2" isConstructor="true" isStatic="false" isGetter="false" isSetter="false">
              <Summary numSequencePoints="6" visitedSequencePoints="0" numBranchPoints="1" visitedBranchPoints="0" sequenceCoverage="0" branchCoverage="0" maxCyclomaticComplexity="1" minCyclomaticComplexity="1" maxCrapScore="2" minCrapScore="2" visitedClasses="0" numClasses="0" visitedMethods="0" numMethods="1" />
              <MetadataToken>100663310</MetadataToken>
              <Name>System.Void OlympicGames.Olympics.Boxer::.ctor(System.String,System.String,System.String,OlympicGames.Olympics.Enums.BoxingCategory,System.Int32,System.Int32)</Name>
              <FileRef uid="14" />
              <SequencePoints>
                <SequencePoint vc="0" uspid="118" ordinal="0" offset="0" sl="16" sc="15" el="16" ec="49" bec="0" bev="0" fileid="14" />
                <SequencePoint vc="0" uspid="119" ordinal="1" offset="10" sl="17" sc="9" el="17" ec="10" bec="0" bev="0" fileid="14" />
                <SequencePoint vc="0" uspid="120" ordinal="2" offset="11" sl="18" sc="13" el="18" ec="38" bec="0" bev="0" fileid="14" />
                <SequencePoint vc="0" uspid="121" ordinal="3" offset="20" sl="19" sc="13" el="19" ec="30" bec="0" bev="0" fileid="14" />
                <SequencePoint vc="0" uspid="122" ordinal="4" offset="29" sl="20" sc="13" el="20" ec="34" bec="0" bev="0" fileid="14" />
                <SequencePoint vc="0" uspid="123" ordinal="5" offset="38" sl="21" sc="9" el="21" ec="10" bec="0" bev="0" fileid="14" />
              </SequencePoints>
              <BranchPoints />
              <MethodPoint xsi:type="SequencePoint" vc="0" uspid="118" ordinal="0" offset="0" sl="16" sc="15" el="16" ec="49" bec="0" bev="0" fileid="14" />
            </Method>
            <Method visited="false" cyclomaticComplexity="1" nPathComplexity="0" sequenceCoverage="0" branchCoverage="0" crapScore="2" isConstructor="false" isStatic="false" isGetter="false" isSetter="false">
              <Summary numSequencePoints="7" visitedSequencePoints="0" numBranchPoints="1" visitedBranchPoints="0" sequenceCoverage="0" branchCoverage="0" maxCyclomaticComplexity="1" minCyclomaticComplexity="1" maxCrapScore="2" minCrapScore="2" visitedClasses="0" numClasses="0" visitedMethods="0" numMethods="1" />
              <MetadataToken>100663317</MetadataToken>
              <Name>System.String OlympicGames.Olympics.Boxer::PrintAdditionalInfo()</Name>
              <FileRef uid="14" />
              <SequencePoints>
                <SequencePoint vc="0" uspid="124" ordinal="0" offset="0" sl="62" sc="9" el="62" ec="10" bec="0" bev="0" fileid="14" />
                <SequencePoint vc="0" uspid="125" ordinal="1" offset="1" sl="63" sc="13" el="63" ec="53" bec="0" bev="0" fileid="14" />
                <SequencePoint vc="0" uspid="126" ordinal="2" offset="7" sl="64" sc="13" el="64" ec="85" bec="0" bev="0" fileid="14" />
                <SequencePoint vc="0" uspid="127" ordinal="3" offset="35" sl="65" sc="13" el="65" ec="77" bec="0" bev="0" fileid="14" />
                <SequencePoint vc="0" uspid="128" ordinal="4" offset="63" sl="66" sc="13" el="66" ec="81" bec="0" bev="0" fileid="14" />
                <SequencePoint vc="0" uspid="129" ordinal="5" offset="91" sl="68" sc="13" el="68" ec="45" bec="0" bev="0" fileid="14" />
                <SequencePoint vc="0" uspid="130" ordinal="6" offset="100" sl="69" sc="9" el="69" ec="10" bec="0" bev="0" fileid="14" />
              </SequencePoints>
              <BranchPoints />
              <MethodPoint xsi:type="SequencePoint" vc="0" uspid="124" ordinal="0" offset="0" sl="62" sc="9" el="62" ec="10" bec="0" bev="0" fileid="14" />
            </Method>
          </Methods>
        </Class>
        <Class>
          <Summary numSequencePoints="33" visitedSequencePoints="0" numBranchPoints="8" visitedBranchPoints="0" sequenceCoverage="0" branchCoverage="0" maxCyclomaticComplexity="1" minCyclomaticComplexity="1" maxCrapScore="2" minCrapScore="2" visitedClasses="0" numClasses="1" visitedMethods="0" numMethods="8" />
          <FullName>OlympicGames.Olympics.Olympian</FullName>
          <Methods>
            <Method visited="false" cyclomaticComplexity="1" nPathComplexity="0" sequenceCoverage="0" branchCoverage="0" crapScore="2" isConstructor="false" isStatic="false" isGetter="true" isSetter="false">
              <Summary numSequencePoints="3" visitedSequencePoints="0" numBranchPoints="1" visitedBranchPoints="0" sequenceCoverage="0" branchCoverage="0" maxCyclomaticComplexity="1" minCyclomaticComplexity="1" maxCrapScore="2" minCrapScore="2" visitedClasses="0" numClasses="0" visitedMethods="0" numMethods="1" />
              <MetadataToken>100663319</MetadataToken>
              <Name>System.String OlympicGames.Olympics.Olympian::get_FirstName()</Name>
              <FileRef uid="15" />
              <SequencePoints>
                <SequencePoint vc="0" uspid="131" ordinal="0" offset="0" sl="24" sc="13" el="24" ec="14" bec="0" bev="0" fileid="15" />
                <SequencePoint vc="0" uspid="132" ordinal="1" offset="1" sl="25" sc="17" el="25" ec="39" bec="0" bev="0" fileid="15" />
                <SequencePoint vc="0" uspid="133" ordinal="2" offset="10" sl="26" sc="13" el="26" ec="14" bec="0" bev="0" fileid="15" />
              </SequencePoints>
              <BranchPoints />
              <MethodPoint xsi:type="SequencePoint" vc="0" uspid="131" ordinal="0" offset="0" sl="24" sc="13" el="24" ec="14" bec="0" bev="0" fileid="15" />
            </Method>
            <Method visited="false" cyclomaticComplexity="1" nPathComplexity="0" sequenceCoverage="0" branchCoverage="0" crapScore="2" isConstructor="false" isStatic="false" isGetter="false" isSetter="true">
              <Summary numSequencePoints="4" visitedSequencePoints="0" numBranchPoints="1" visitedBranchPoints="0" sequenceCoverage="0" branchCoverage="0" maxCyclomaticComplexity="1" minCyclomaticComplexity="1" maxCrapScore="2" minCrapScore="2" visitedClasses="0" numClasses="0" visitedMethods="0" numMethods="1" />
              <MetadataToken>100663320</MetadataToken>
              <Name>System.Void OlympicGames.Olympics.Olympian::set_FirstName(System.String)</Name>
              <FileRef uid="15" />
              <SequencePoints>
                <SequencePoint vc="0" uspid="134" ordinal="0" offset="0" sl="28" sc="13" el="28" ec="14" bec="0" bev="0" fileid="15" />
                <SequencePoint vc="0" uspid="135" ordinal="1" offset="1" sl="29" sc="17" el="29" ec="68" bec="0" bev="0" fileid="15" />
                <SequencePoint vc="0" uspid="136" ordinal="2" offset="16" sl="30" sc="17" el="30" ec="40" bec="0" bev="0" fileid="15" />
                <SequencePoint vc="0" uspid="137" ordinal="3" offset="23" sl="31" sc="13" el="31" ec="14" bec="0" bev="0" fileid="15" />
              </SequencePoints>
              <BranchPoints />
              <MethodPoint xsi:type="SequencePoint" vc="0" uspid="134" ordinal="0" offset="0" sl="28" sc="13" el="28" ec="14" bec="0" bev="0" fileid="15" />
            </Method>
            <Method visited="false" cyclomaticComplexity="1" nPathComplexity="0" sequenceCoverage="0" branchCoverage="0" crapScore="2" isConstructor="false" isStatic="false" isGetter="true" isSetter="false">
              <Summary numSequencePoints="3" visitedSequencePoints="0" numBranchPoints="1" visitedBranchPoints="0" sequenceCoverage="0" branchCoverage="0" maxCyclomaticComplexity="1" minCyclomaticComplexity="1" maxCrapScore="2" minCrapScore="2" visitedClasses="0" numClasses="0" visitedMethods="0" numMethods="1" />
              <MetadataToken>100663321</MetadataToken>
              <Name>System.String OlympicGames.Olympics.Olympian::get_LastName()</Name>
              <FileRef uid="15" />
              <SequencePoints>
                <SequencePoint vc="0" uspid="138" ordinal="0" offset="0" sl="37" sc="13" el="37" ec="14" bec="0" bev="0" fileid="15" />
                <SequencePoint vc="0" uspid="139" ordinal="1" offset="1" sl="38" sc="17" el="38" ec="38" bec="0" bev="0" fileid="15" />
                <SequencePoint vc="0" uspid="140" ordinal="2" offset="10" sl="39" sc="13" el="39" ec="14" bec="0" bev="0" fileid="15" />
              </SequencePoints>
              <BranchPoints />
              <MethodPoint xsi:type="SequencePoint" vc="0" uspid="138" ordinal="0" offset="0" sl="37" sc="13" el="37" ec="14" bec="0" bev="0" fileid="15" />
            </Method>
            <Method visited="false" cyclomaticComplexity="1" nPathComplexity="0" sequenceCoverage="0" branchCoverage="0" crapScore="2" isConstructor="false" isStatic="false" isGetter="false" isSetter="true">
              <Summary numSequencePoints="4" visitedSequencePoints="0" numBranchPoints="1" visitedBranchPoints="0" sequenceCoverage="0" branchCoverage="0" maxCyclomaticComplexity="1" minCyclomaticComplexity="1" maxCrapScore="2" minCrapScore="2" visitedClasses="0" numClasses="0" visitedMethods="0" numMethods="1" />
              <MetadataToken>100663322</MetadataToken>
              <Name>System.Void OlympicGames.Olympics.Olympian::set_LastName(System.String)</Name>
              <FileRef uid="15" />
              <SequencePoints>
                <SequencePoint vc="0" uspid="141" ordinal="0" offset="0" sl="41" sc="13" el="41" ec="14" bec="0" bev="0" fileid="15" />
                <SequencePoint vc="0" uspid="142" ordinal="1" offset="1" sl="42" sc="17" el="42" ec="67" bec="0" bev="0" fileid="15" />
                <SequencePoint vc="0" uspid="143" ordinal="2" offset="16" sl="43" sc="17" el="43" ec="39" bec="0" bev="0" fileid="15" />
                <SequencePoint vc="0" uspid="144" ordinal="3" offset="23" sl="44" sc="13" el="44" ec="14" bec="0" bev="0" fileid="15" />
              </SequencePoints>
              <BranchPoints />
              <MethodPoint xsi:type="SequencePoint" vc="0" uspid="141" ordinal="0" offset="0" sl="41" sc="13" el="41" ec="14" bec="0" bev="0" fileid="15" />
            </Method>
            <Method visited="false" cyclomaticComplexity="1" nPathComplexity="0" sequenceCoverage="0" branchCoverage="0" crapScore="2" isConstructor="false" isStatic="false" isGetter="true" isSetter="false">
              <Summary numSequencePoints="3" visitedSequencePoints="0" numBranchPoints="1" visitedBranchPoints="0" sequenceCoverage="0" branchCoverage="0" maxCyclomaticComplexity="1" minCyclomaticComplexity="1" maxCrapScore="2" minCrapScore="2" visitedClasses="0" numClasses="0" visitedMethods="0" numMethods="1" />
              <MetadataToken>100663323</MetadataToken>
              <Name>System.String OlympicGames.Olympics.Olympian::get_Country()</Name>
              <FileRef uid="15" />
              <SequencePoints>
                <SequencePoint vc="0" uspid="145" ordinal="0" offset="0" sl="50" sc="13" el="50" ec="14" bec="0" bev="0" fileid="15" />
                <SequencePoint vc="0" uspid="146" ordinal="1" offset="1" sl="51" sc="17" el="51" ec="37" bec="0" bev="0" fileid="15" />
                <SequencePoint vc="0" uspid="147" ordinal="2" offset="10" sl="52" sc="13" el="52" ec="14" bec="0" bev="0" fileid="15" />
              </SequencePoints>
              <BranchPoints />
              <MethodPoint xsi:type="SequencePoint" vc="0" uspid="145" ordinal="0" offset="0" sl="50" sc="13" el="50" ec="14" bec="0" bev="0" fileid="15" />
            </Method>
            <Method visited="false" cyclomaticComplexity="1" nPathComplexity="0" sequenceCoverage="0" branchCoverage="0" crapScore="2" isConstructor="false" isStatic="false" isGetter="false" isSetter="true">
              <Summary numSequencePoints="4" visitedSequencePoints="0" numBranchPoints="1" visitedBranchPoints="0" sequenceCoverage="0" branchCoverage="0" maxCyclomaticComplexity="1" minCyclomaticComplexity="1" maxCrapScore="2" minCrapScore="2" visitedClasses="0" numClasses="0" visitedMethods="0" numMethods="1" />
              <MetadataToken>100663324</MetadataToken>
              <Name>System.Void OlympicGames.Olympics.Olympian::set_Country(System.String)</Name>
              <FileRef uid="15" />
              <SequencePoints>
                <SequencePoint vc="0" uspid="148" ordinal="0" offset="0" sl="54" sc="13" el="54" ec="14" bec="0" bev="0" fileid="15" />
                <SequencePoint vc="0" uspid="149" ordinal="1" offset="1" sl="55" sc="17" el="55" ec="65" bec="0" bev="0" fileid="15" />
                <SequencePoint vc="0" uspid="150" ordinal="2" offset="16" sl="56" sc="17" el="56" ec="38" bec="0" bev="0" fileid="15" />
                <SequencePoint vc="0" uspid="151" ordinal="3" offset="23" sl="57" sc="13" el="57" ec="14" bec="0" bev="0" fileid="15" />
              </SequencePoints>
              <BranchPoints />
              <MethodPoint xsi:type="SequencePoint" vc="0" uspid="148" ordinal="0" offset="0" sl="54" sc="13" el="54" ec="14" bec="0" bev="0" fileid="15" />
            </Method>
            <Method visited="false" cyclomaticComplexity="1" nPathComplexity="0" sequenceCoverage="0" branchCoverage="0" crapScore="2" isConstructor="true" isStatic="false" isGetter="false" isSetter="false">
              <Summary numSequencePoints="6" visitedSequencePoints="0" numBranchPoints="1" visitedBranchPoints="0" sequenceCoverage="0" branchCoverage="0" maxCyclomaticComplexity="1" minCyclomaticComplexity="1" maxCrapScore="2" minCrapScore="2" visitedClasses="0" numClasses="0" visitedMethods="0" numMethods="1" />
              <MetadataToken>100663318</MetadataToken>
              <Name>System.Void OlympicGames.Olympics.Olympian::.ctor(System.String,System.String,System.String)</Name>
              <FileRef uid="15" />
              <SequencePoints>
                <SequencePoint vc="0" uspid="152" ordinal="0" offset="0" sl="14" sc="9" el="14" ec="78" bec="0" bev="0" fileid="15" />
                <SequencePoint vc="0" uspid="153" ordinal="1" offset="7" sl="15" sc="9" el="15" ec="10" bec="0" bev="0" fileid="15" />
                <SequencePoint vc="0" uspid="154" ordinal="2" offset="8" sl="16" sc="13" el="16" ec="40" bec="0" bev="0" fileid="15" />
                <SequencePoint vc="0" uspid="155" ordinal="3" offset="16" sl="17" sc="13" el="17" ec="38" bec="0" bev="0" fileid="15" />
                <SequencePoint vc="0" uspid="156" ordinal="4" offset="24" sl="18" sc="13" el="18" ec="36" bec="0" bev="0" fileid="15" />
                <SequencePoint vc="0" uspid="157" ordinal="5" offset="32" sl="19" sc="9" el="19" ec="10" bec="0" bev="0" fileid="15" />
              </SequencePoints>
              <BranchPoints />
              <MethodPoint xsi:type="SequencePoint" vc="0" uspid="152" ordinal="0" offset="0" sl="14" sc="9" el="14" ec="78" bec="0" bev="0" fileid="15" />
            </Method>
            <Method visited="false" cyclomaticComplexity="1" nPathComplexity="0" sequenceCoverage="0" branchCoverage="0" crapScore="2" isConstructor="false" isStatic="false" isGetter="false" isSetter="false">
              <Summary numSequencePoints="6" visitedSequencePoints="0" numBranchPoints="1" visitedBranchPoints="0" sequenceCoverage="0" branchCoverage="0" maxCyclomaticComplexity="1" minCyclomaticComplexity="1" maxCrapScore="2" minCrapScore="2" visitedClasses="0" numClasses="0" visitedMethods="0" numMethods="1" />
              <MetadataToken>100663326</MetadataToken>
              <Name>System.String OlympicGames.Olympics.Olympian::ToString()</Name>
              <FileRef uid="15" />
              <SequencePoints>
                <SequencePoint vc="0" uspid="158" ordinal="0" offset="0" sl="63" sc="9" el="63" ec="10" bec="0" bev="0" fileid="15" />
                <SequencePoint vc="0" uspid="159" ordinal="1" offset="1" sl="64" sc="13" el="64" ec="53" bec="0" bev="0" fileid="15" />
                <SequencePoint vc="0" uspid="160" ordinal="2" offset="7" sl="65" sc="13" el="65" ec="154" bec="0" bev="0" fileid="15" />
                <SequencePoint vc="0" uspid="161" ordinal="3" offset="76" sl="66" sc="13" el="66" ec="66" bec="0" bev="0" fileid="15" />
                <SequencePoint vc="0" uspid="162" ordinal="4" offset="89" sl="67" sc="13" el="67" ec="45" bec="0" bev="0" fileid="15" />
                <SequencePoint vc="0" uspid="163" ordinal="5" offset="98" sl="68" sc="9" el="68" ec="10" bec="0" bev="0" fileid="15" />
              </SequencePoints>
              <BranchPoints />
              <MethodPoint xsi:type="SequencePoint" vc="0" uspid="158" ordinal="0" offset="0" sl="63" sc="9" el="63" ec="10" bec="0" bev="0" fileid="15" />
            </Method>
          </Methods>
        </Class>
        <Class>
          <Summary numSequencePoints="22" visitedSequencePoints="0" numBranchPoints="4" visitedBranchPoints="0" sequenceCoverage="0" branchCoverage="0" maxCyclomaticComplexity="4" minCyclomaticComplexity="1" maxCrapScore="20" minCrapScore="2" visitedClasses="0" numClasses="1" visitedMethods="0" numMethods="2" />
          <FullName>OlympicGames.Olympics.Sprinter</FullName>
          <Methods>
            <Method skippedDueTo="AutoImplementedProperty" visited="false" cyclomaticComplexity="1" nPathComplexity="0" sequenceCoverage="0" branchCoverage="0" crapScore="0" isConstructor="false" isStatic="false" isGetter="true" isSetter="false">
              <MetadataToken>100663328</MetadataToken>
              <Name>System.Collections.Generic.IDictionary`2&lt;System.String,System.Double&gt; OlympicGames.Olympics.Sprinter::get_PersonalRecords()</Name>
              <FileRef uid="16" />
              <SequencePoints />
              <BranchPoints />
            </Method>
            <Method skippedDueTo="AutoImplementedProperty" visited="false" cyclomaticComplexity="1" nPathComplexity="0" sequenceCoverage="0" branchCoverage="0" crapScore="0" isConstructor="false" isStatic="false" isGetter="false" isSetter="true">
              <MetadataToken>100663329</MetadataToken>
              <Name>System.Void OlympicGames.Olympics.Sprinter::set_PersonalRecords(System.Collections.Generic.IDictionary`2&lt;System.String,System.Double&gt;)</Name>
              <FileRef uid="16" />
              <SequencePoints />
              <BranchPoints />
            </Method>
            <Method visited="false" cyclomaticComplexity="1" nPathComplexity="0" sequenceCoverage="0" branchCoverage="0" crapScore="2" isConstructor="true" isStatic="false" isGetter="false" isSetter="false">
              <Summary numSequencePoints="4" visitedSequencePoints="0" numBranchPoints="1" visitedBranchPoints="0" sequenceCoverage="0" branchCoverage="0" maxCyclomaticComplexity="1" minCyclomaticComplexity="1" maxCrapScore="2" minCrapScore="2" visitedClasses="0" numClasses="0" visitedMethods="0" numMethods="1" />
              <MetadataToken>100663327</MetadataToken>
              <Name>System.Void OlympicGames.Olympics.Sprinter::.ctor(System.String,System.String,System.String,System.Collections.Generic.IDictionary`2&lt;System.String,System.Double&gt;)</Name>
              <FileRef uid="16" />
              <SequencePoints>
                <SequencePoint vc="0" uspid="164" ordinal="0" offset="0" sl="13" sc="15" el="13" ec="49" bec="0" bev="0" fileid="16" />
                <SequencePoint vc="0" uspid="165" ordinal="1" offset="10" sl="14" sc="9" el="14" ec="10" bec="0" bev="0" fileid="16" />
                <SequencePoint vc="0" uspid="166" ordinal="2" offset="11" sl="15" sc="13" el="15" ec="44" bec="0" bev="0" fileid="16" />
                <SequencePoint vc="0" uspid="167" ordinal="3" offset="20" sl="16" sc="9" el="16" ec="10" bec="0" bev="0" fileid="16" />
              </SequencePoints>
              <BranchPoints />
              <MethodPoint xsi:type="SequencePoint" vc="0" uspid="164" ordinal="0" offset="0" sl="13" sc="15" el="13" ec="49" bec="0" bev="0" fileid="16" />
            </Method>
            <Method visited="false" cyclomaticComplexity="4" nPathComplexity="2" sequenceCoverage="0" branchCoverage="0" crapScore="20" isConstructor="false" isStatic="false" isGetter="false" isSetter="false">
              <Summary numSequencePoints="18" visitedSequencePoints="0" numBranchPoints="3" visitedBranchPoints="0" sequenceCoverage="0" branchCoverage="0" maxCyclomaticComplexity="4" minCyclomaticComplexity="4" maxCrapScore="20" minCrapScore="20" visitedClasses="0" numClasses="0" visitedMethods="0" numMethods="1" />
              <MetadataToken>100663330</MetadataToken>
[...]
                <SequencePoint vc="0" uspid="390" ordinal="21" offset="227" sl="40" sc="13" el="40" ec="14" bec="0" bev="0" fileid="29" />
                <SequencePoint vc="0" uspid="391" ordinal="22" offset="228" sl="41" sc="9" el="41" ec="10" bec="0" bev="0" fileid="29" />
              </SequencePoints>
              <BranchPoints>
                <BranchPoint vc="0" uspid="394" ordinal="2" offset="38" sl="19" path="0" offsetend="40" fileid="29" />
                <BranchPoint vc="0" uspid="395" ordinal="3" offset="38" sl="19" path="1" offsetend="69" fileid="29" />
                <BranchPoint vc="0" uspid="396" ordinal="4" offset="85" sl="24" path="0" offsetend="87" fileid="29" />
                <BranchPoint vc="0" uspid="397" ordinal="5" offset="85" sl="24" path="1" offsetend="120" fileid="29" />
                <BranchPoint vc="0" uspid="400" ordinal="8" offset="172" sl="31" path="0" offsetend="174" fileid="29" />
                <BranchPoint vc="0" uspid="401" ordinal="9" offset="172" sl="31" path="1" offsetend="189" fileid="29" />
              </BranchPoints>
              <MethodPoint xsi:type="SequencePoint" vc="0" uspid="369" ordinal="0" offset="0" sl="17" sc="15" el="17" ec="59" bec="0" bev="0" fileid="29" />
            </Method>
            <Method visited="false" cyclomaticComplexity="4" nPathComplexity="4" sequenceCoverage="0" branchCoverage="0" crapScore="20" isConstructor="false" isStatic="false" isGetter="false" isSetter="false">
              <Summary numSequencePoints="24" visitedSequencePoints="0" numBranchPoints="5" visitedBranchPoints="0" sequenceCoverage="0" branchCoverage="0" maxCyclomaticComplexity="4" minCyclomaticComplexity="4" maxCrapScore="20" minCrapScore="20" visitedClasses="0" numClasses="0" visitedMethods="0" numMethods="1" />
              <MetadataToken>100663388</MetadataToken>
              <Name>System.String OlympicGames.Core.Commands.ListOlympiansCommand::Execute()</Name>
              <FileRef uid="29" />
              <SequencePoints>
                <SequencePoint vc="0" uspid="402" ordinal="0" offset="0" sl="44" sc="9" el="44" ec="10" bec="0" bev="0" fileid="29" />
                <SequencePoint vc="0" uspid="403" ordinal="1" offset="1" sl="45" sc="13" el="45" ec="53" bec="0" bev="0" fileid="29" />
                <SequencePoint vc="0" uspid="404" ordinal="2" offset="7" sl="46" sc="13" el="46" ec="60" bec="0" bev="0" fileid="29" />
                <SequencePoint vc="0" uspid="405" ordinal="3" offset="24" sl="48" sc="13" el="48" ec="35" bec="2" bev="0" fileid="29" />
                <SequencePoint vc="0" uspid="406" ordinal="4" offset="37" sl="49" sc="13" el="49" ec="14" bec="0" bev="0" fileid="29" />
                <SequencePoint vc="0" uspid="407" ordinal="5" offset="38" sl="50" sc="17" el="50" ec="76" bec="0" bev="0" fileid="29" />
                <SequencePoint vc="0" uspid="408" ordinal="6" offset="50" sl="51" sc="17" el="51" ec="49" bec="0" bev="0" fileid="29" />
                <SequencePoint vc="0" uspid="409" ordinal="7" offset="62" sl="54" sc="13" el="54" ec="105" bec="0" bev="0" fileid="29" />
                <SequencePoint vc="0" uspid="410" ordinal="8" offset="91" sl="56" sc="13" el="56" ec="55" bec="2" bev="0" fileid="29" />
                <SequencePoint vc="0" uspid="411" ordinal="9" offset="123" sl="57" sc="13" el="57" ec="14" bec="0" bev="0" fileid="29" />
                <SequencePoint vc="0" uspid="412" ordinal="10" offset="124" sl="58" sc="17" el="61" ec="29" bec="0" bev="0" fileid="29" />
                <SequencePoint vc="0" uspid="413" ordinal="11" offset="158" sl="62" sc="13" el="62" ec="14" bec="0" bev="0" fileid="29" />
                <SequencePoint vc="0" uspid="414" ordinal="12" offset="161" sl="64" sc="13" el="64" ec="14" bec="0" bev="0" fileid="29" />
                <SequencePoint vc="0" uspid="415" ordinal="13" offset="162" sl="65" sc="17" el="68" ec="29" bec="0" bev="0" fileid="29" />
                <SequencePoint vc="0" uspid="416" ordinal="14" offset="196" sl="69" sc="13" el="69" ec="14" bec="0" bev="0" fileid="29" />
                <SequencePoint vc="0" uspid="417" ordinal="15" offset="197" sl="71" sc="13" el="71" ec="20" bec="0" bev="0" fileid="29" />
                <SequencePoint vc="0" uspid="418" ordinal="16" offset="198" sl="71" sc="34" el="71" ec="40" bec="0" bev="0" fileid="29" />
                <SequencePoint vc="0" uspid="419" ordinal="17" offset="208" sl="71" sc="22" el="71" ec="30" bec="0" bev="0" fileid="29" />
                <SequencePoint vc="0" uspid="420" ordinal="18" offset="217" sl="72" sc="13" el="72" ec="14" bec="0" bev="0" fileid="29" />
                <SequencePoint vc="0" uspid="421" ordinal="19" offset="218" sl="73" sc="17" el="73" ec="59" bec="0" bev="0" fileid="29" />
                <SequencePoint vc="0" uspid="422" ordinal="20" offset="232" sl="74" sc="13" el="74" ec="14" bec="0" bev="0" fileid="29" />
                <SequencePoint vc="0" uspid="423" ordinal="21" offset="233" sl="71" sc="31" el="71" ec="33" bec="0" bev="0" fileid="29" />
                <SequencePoint vc="0" uspid="424" ordinal="22" offset="259" sl="76" sc="13" el="76" ec="45" bec="0" bev="0" fileid="29" />
                <SequencePoint vc="0" uspid="425" ordinal="23" offset="268" sl="77" sc="9" el="77" ec="10" bec="0" bev="0" fileid="29" />
              </SequencePoints>
              <BranchPoints>
                <BranchPoint vc="0" uspid="426" ordinal="0" offset="35" sl="48" path="0" offsetend="37" fileid="29" />
                <BranchPoint vc="0" uspid="427" ordinal="1" offset="35" sl="48" path="1" offsetend="62" fileid="29" />
                <BranchPoint vc="0" uspid="428" ordinal="2" offset="121" sl="56" path="0" offsetend="123" fileid="29" />
                <BranchPoint vc="0" uspid="429" ordinal="3" offset="121" sl="56" path="1" offsetend="161" fileid="29" />
              </BranchPoints>
              <MethodPoint xsi:type="SequencePoint" vc="0" uspid="402" ordinal="0" offset="0" sl="44" sc="9" el="44" ec="10" bec="0" bev="0" fileid="29" />
            </Method>
            <Method visited="false" cyclomaticComplexity="1" nPathComplexity="0" sequenceCoverage="0" branchCoverage="0" crapScore="2" isConstructor="false" isStatic="false" isGetter="false" isSetter="false">
              <Summary numSequencePoints="3" visitedSequencePoints="0" numBranchPoints="1" visitedBranchPoints="0" sequenceCoverage="0" branchCoverage="0" maxCyclomaticComplexity="1" minCyclomaticComplexity="1" maxCrapScore="2" minCrapScore="2" visitedClasses="0" numClasses="0" visitedMethods="0" numMethods="1" />
              <MetadataToken>100663389</MetadataToken>
              <Name>System.Object OlympicGames.Core.Commands.ListOlympiansCommand::&lt;Execute&gt;b__3_0(OlympicGames.Olympics.Contracts.IOlympian)</Name>
              <FileRef uid="29" />
              <SequencePoints>
                <SequencePoint vc="0" uspid="432" ordinal="0" offset="0" sl="59" sc="17" el="59" ec="18" bec="0" bev="0" fileid="29" />
                <SequencePoint vc="0" uspid="433" ordinal="1" offset="1" sl="60" sc="21" el="60" ec="134" bec="0" bev="0" fileid="29" />
                <SequencePoint vc="0" uspid="434" ordinal="2" offset="39" sl="61" sc="17" el="61" ec="18" bec="0" bev="0" fileid="29" />
              </SequencePoints>
              <BranchPoints />
              <MethodPoint xsi:type="SequencePoint" vc="0" uspid="432" ordinal="0" offset="0" sl="59" sc="17" el="59" ec="18" bec="0" bev="0" fileid="29" />
            </Method>
            <Method visited="false" cyclomaticComplexity="1" nPathComplexity="0" sequenceCoverage="0" branchCoverage="0" crapScore="2" isConstructor="false" isStatic="false" isGetter="false" isSetter="false">
              <Summary numSequencePoints="1" visitedSequencePoints="0" numBranchPoints="1" visitedBranchPoints="0" sequenceCoverage="0" branchCoverage="0" maxCyclomaticComplexity="1" minCyclomaticComplexity="1" maxCrapScore="2" minCrapScore="2" visitedClasses="0" numClasses="0" visitedMethods="0" numMethods="1" />
              <MetadataToken>100663390</MetadataToken>
              <Name>System.Boolean OlympicGames.Core.Commands.ListOlympiansCommand::&lt;Execute&gt;b__3_2(System.Reflection.PropertyInfo)</Name>
              <FileRef uid="29" />
              <SequencePoints>
                <SequencePoint vc="0" uspid="435" ordinal="0" offset="0" sl="60" sc="76" el="60" ec="114" bec="0" bev="0" fileid="29" />
              </SequencePoints>
              <BranchPoints />
              <MethodPoint xsi:type="SequencePoint" vc="0" uspid="435" ordinal="0" offset="0" sl="60" sc="76" el="60" ec="114" bec="0" bev="0" fileid="29" />
            </Method>
            <Method visited="false" cyclomaticComplexity="1" nPathComplexity="0" sequenceCoverage="0" branchCoverage="0" crapScore="2" isConstructor="false" isStatic="false" isGetter="false" isSetter="false">
              <Summary numSequencePoints="3" visitedSequencePoints="0" numBranchPoints="1" visitedBranchPoints="0" sequenceCoverage="0" branchCoverage="0" maxCyclomaticComplexity="1" minCyclomaticComplexity="1" maxCrapScore="2" minCrapScore="2" visitedClasses="0" numClasses="0" visitedMethods="0" numMethods="1" />
              <MetadataToken>100663391</MetadataToken>
              <Name>System.Object OlympicGames.Core.Commands.ListOlympiansCommand::&lt;Execute&gt;b__3_1(OlympicGames.Olympics.Contracts.IOlympian)</Name>
              <FileRef uid="29" />
              <SequencePoints>
                <SequencePoint vc="0" uspid="436" ordinal="0" offset="0" sl="66" sc="17" el="66" ec="18" bec="0" bev="0" fileid="29" />
                <SequencePoint vc="0" uspid="437" ordinal="1" offset="1" sl="67" sc="21" el="67" ec="134" bec="0" bev="0" fileid="29" />
                <SequencePoint vc="0" uspid="438" ordinal="2" offset="39" sl="68" sc="17" el="68" ec="18" bec="0" bev="0" fileid="29" />
              </SequencePoints>
              <BranchPoints />
              <MethodPoint xsi:type="SequencePoint" vc="0" uspid="436" ordinal="0" offset="0" sl="66" sc="17" el="66" ec="18" bec="0" bev="0" fileid="29" />
            </Method>
            <Method visited="false" cyclomaticComplexity="1" nPathComplexity="0" sequenceCoverage="0" branchCoverage="0" crapScore="2" isConstructor="false" isStatic="false" isGetter="false" isSetter="false">
              <Summary numSequencePoints="1" visitedSequencePoints="0" numBranchPoints="1" visitedBranchPoints="0" sequenceCoverage="0" branchCoverage="0" maxCyclomaticComplexity="1" minCyclomaticComplexity="1" maxCrapScore="2" minCrapScore="2" visitedClasses="0" numClasses="0" visitedMethods="0" numMethods="1" />
              <MetadataToken>100663392</MetadataToken>
              <Name>System.Boolean OlympicGames.Core.Commands.ListOlympiansCommand::&lt;Execute&gt;b__3_3(System.Reflection.PropertyInfo)</Name>
              <FileRef uid="29" />
              <SequencePoints>
                <SequencePoint vc="0" uspid="439" ordinal="0" offset="0" sl="67" sc="76" el="67" ec="114" bec="0" bev="0" fileid="29" />
              </SequencePoints>
              <BranchPoints />
              <MethodPoint xsi:type="SequencePoint" vc="0" uspid="439" ordinal="0" offset="0" sl="67" sc="76" el="67" ec="114" bec="0" bev="0" fileid="29" />
            </Method>
          </Methods>
        </Class>
        <Class>
          <Summary numSequencePoints="6" visitedSequencePoints="0" numBranchPoints="1" visitedBranchPoints="0" sequenceCoverage="0" branchCoverage="0" maxCyclomaticComplexity="1" minCyclomaticComplexity="1" maxCrapScore="2" minCrapScore="2" visitedClasses="0" numClasses="1" visitedMethods="0" numMethods="1" />
          <FullName>OlympicGames.Core.Commands.Abstracts.Command</FullName>
          <Methods>
            <Method skippedDueTo="AutoImplementedProperty" visited="false" cyclomaticComplexity="1" nPathComplexity="0" sequenceCoverage="0" branchCoverage="0" crapScore="0" isConstructor="false" isStatic="false" isGetter="true" isSetter="false">
              <MetadataToken>100663394</MetadataToken>
              <Name>System.Collections.Generic.IList`1&lt;System.String&gt; OlympicGames.Core.Commands.Abstracts.Command::get_CommandParameters()</Name>
              <FileRef uid="30" />
              <SequencePoints />
              <BranchPoints />
            </Method>
            <Method skippedDueTo="AutoImplementedProperty" visited="false" cyclomaticComplexity="1" nPathComplexity="0" sequenceCoverage="0" branchCoverage="0" crapScore="0" isConstructor="false" isStatic="false" isGetter="false" isSetter="true">
              <MetadataToken>100663395</MetadataToken>
              <Name>System.Void OlympicGames.Core.Commands.Abstracts.Command::set_CommandParameters(System.Collections.Generic.IList`1&lt;System.String&gt;)</Name>
              <FileRef uid="30" />
              <SequencePoints />
              <BranchPoints />
            </Method>
            <Method skippedDueTo="AutoImplementedProperty" visited="false" cyclomaticComplexity="1" nPathComplexity="0" sequenceCoverage="0" branchCoverage="0" crapScore="0" isConstructor="false" isStatic="false" isGetter="true" isSetter="false">
              <MetadataToken>100663396</MetadataToken>
              <Name>OlympicGames.Core.Contracts.IOlympicCommittee OlympicGames.Core.Commands.Abstracts.Command::get_Committee()</Name>
              <FileRef uid="30" />
              <SequencePoints />
              <BranchPoints />
            </Method>
            <Method skippedDueTo="AutoImplementedProperty" visited="false" cyclomaticComplexity="1" nPathComplexity="0" sequenceCoverage="0" branchCoverage="0" crapScore="0" isConstructor="false" isStatic="false" isGetter="true" isSetter="false">
              <MetadataToken>100663397</MetadataToken>
              <Name>OlympicGames.Core.Contracts.IOlympicsFactory OlympicGames.Core.Commands.Abstracts.Command::get_Factory()</Name>
              <FileRef uid="30" />
              <SequencePoints />
              <BranchPoints />
            </Method>
            <Method visited="false" cyclomaticComplexity="1" nPathComplexity="0" sequenceCoverage="0" branchCoverage="0" crapScore="2" isConstructor="true" isStatic="false" isGetter="false" isSetter="false">
              <Summary numSequencePoints="6" visitedSequencePoints="0" numBranchPoints="1" visitedBranchPoints="0" sequenceCoverage="0" branchCoverage="0" maxCyclomaticComplexity="1" minCyclomaticComplexity="1" maxCrapScore="2" minCrapScore="2" visitedClasses="0" numClasses="0" visitedMethods="0" numMethods="1" />
              <MetadataToken>100663393</MetadataToken>
              <Name>System.Void OlympicGames.Core.Commands.Abstracts.Command::.ctor(OlympicGames.Core.Contracts.IOlympicCommittee,OlympicGames.Core.Contracts.IOlympicsFactory,System.Collections.Generic.IList`1&lt;System.String&gt;)</Name>
              <FileRef uid="30" />
              <SequencePoints>
                <SequencePoint vc="0" uspid="440" ordinal="0" offset="0" sl="14" sc="9" el="14" ec="105" bec="0" bev="0" fileid="30" />
                <SequencePoint vc="0" uspid="441" ordinal="1" offset="7" sl="15" sc="9" el="15" ec="10" bec="0" bev="0" fileid="30" />
                <SequencePoint vc="0" uspid="442" ordinal="2" offset="8" sl="16" sc="13" el="16" ec="40" bec="0" bev="0" fileid="30" />
                <SequencePoint vc="0" uspid="443" ordinal="3" offset="15" sl="17" sc="13" el="17" ec="36" bec="0" bev="0" fileid="30" />
                <SequencePoint vc="0" uspid="444" ordinal="4" offset="22" sl="18" sc="13" el="18" ec="50" bec="0" bev="0" fileid="30" />
                <SequencePoint vc="0" uspid="445" ordinal="5" offset="30" sl="19" sc="9" el="19" ec="10" bec="0" bev="0" fileid="30" />
              </SequencePoints>
              <BranchPoints />
              <MethodPoint xsi:type="SequencePoint" vc="0" uspid="440" ordinal="0" offset="0" sl="14" sc="9" el="14" ec="105" bec="0" bev="0" fileid="30" />
            </Method>
          </Methods>
        </Class>
        <Class>
          <Summary numSequencePoints="9" visitedSequencePoints="0" numBranchPoints="2" visitedBranchPoints="0" sequenceCoverage="0" branchCoverage="0" maxCyclomaticComplexity="1" minCyclomaticComplexity="1" maxCrapScore="2" minCrapScore="2" visitedClasses="0" numClasses="1" visitedMethods="0" numMethods="2" />
          <FullName>OlympicGames.Core.Commands.Decorators.LoggerListCommand</FullName>
          <Methods>
            <Method visited="false" cyclomaticComplexity="1" nPathComplexity="0" sequenceCoverage="0" branchCoverage="0" crapScore="2" isConstructor="true" isStatic="false" isGetter="false" isSetter="false">
              <Summary numSequencePoints="5" visitedSequencePoints="0" numBranchPoints="1" visitedBranchPoints="0" sequenceCoverage="0" branchCoverage="0" maxCyclomaticComplexity="1" minCyclomaticComplexity="1" maxCrapScore="2" minCrapScore="2" visitedClasses="0" numClasses="0" visitedMethods="0" numMethods="1" />
              <MetadataToken>100663399</MetadataToken>
              <Name>System.Void OlympicGames.Core.Commands.Decorators.LoggerListCommand::.ctor(OlympicGames.Core.Contracts.ICommand,OlympicGames.Core.Providers.IConsoleWriter)</Name>
              <FileRef uid="31" />
              <SequencePoints>
                <SequencePoint vc="0" uspid="446" ordinal="0" offset="0" sl="16" sc="9" el="16" ec="74" bec="0" bev="0" fileid="31" />
                <SequencePoint vc="0" uspid="447" ordinal="1" offset="7" sl="17" sc="9" el="17" ec="10" bec="0" bev="0" fileid="31" />
                <SequencePoint vc="0" uspid="448" ordinal="2" offset="8" sl="18" sc="13" el="18" ec="36" bec="0" bev="0" fileid="31" />
                <SequencePoint vc="0" uspid="449" ordinal="3" offset="15" sl="19" sc="13" el="19" ec="34" bec="0" bev="0" fileid="31" />
                <SequencePoint vc="0" uspid="450" ordinal="4" offset="22" sl="20" sc="9" el="20" ec="10" bec="0" bev="0" fileid="31" />
              </SequencePoints>
              <BranchPoints />
              <MethodPoint xsi:type="SequencePoint" vc="0" uspid="446" ordinal="0" offset="0" sl="16" sc="9" el="16" ec="74" bec="0" bev="0" fileid="31" />
            </Method>
            <Method visited="false" cyclomaticComplexity="1" nPathComplexity="0" sequenceCoverage="0" branchCoverage="0" crapScore="2" isConstructor="false" isStatic="false" isGetter="false" isSetter="false">
              <Summary numSequencePoints="4" visitedSequencePoints="0" numBranchPoints="1" visitedBranchPoints="0" sequenceCoverage="0" branchCoverage="0" maxCyclomaticComplexity="1" minCyclomaticComplexity="1" maxCrapScore="2" minCrapScore="2" visitedClasses="0" numClasses="0" visitedMethods="0" numMethods="1" />
              <MetadataToken>100663400</MetadataToken>
              <Name>System.String OlympicGames.Core.Commands.Decorators.LoggerListCommand::Execute()</Name>
              <FileRef uid="31" />
              <SequencePoints>
                <SequencePoint vc="0" uspid="451" ordinal="0" offset="0" sl="22" sc="9" el="22" ec="10" bec="0" bev="0" fileid="31" />
                <SequencePoint vc="0" uspid="452" ordinal="1" offset="1" sl="23" sc="13" el="23" ec="84" bec="0" bev="0" fileid="31" />
                <SequencePoint vc="0" uspid="453" ordinal="2" offset="18" sl="24" sc="13" el="24" ec="43" bec="0" bev="0" fileid="31" />
                <SequencePoint vc="0" uspid="454" ordinal="3" offset="32" sl="25" sc="9" el="25" ec="10" bec="0" bev="0" fileid="31" />
              </SequencePoints>
              <BranchPoints />
              <MethodPoint xsi:type="SequencePoint" vc="0" uspid="451" ordinal="0" offset="0" sl="22" sc="9" el="22" ec="10" bec="0" bev="0" fileid="31" />
            </Method>
          </Methods>
        </Class>
      </Classes>
      <TrackedMethods />
    </Module>
  </Modules>
</CoverageSession>